<?xml version="1.0" encoding="UTF-8"?>
<robot generator="Robot 6.0.2 (Python 3.8.8 on win32)" generated="20230421 17:35:31.459" rpa="false" schemaversion="3">
<suite id="s1" name="Tests" source="D:\worpressTeamA\API_testing_A\wordpress\tests">
<suite id="s1-s1" name="Crud" source="D:\worpressTeamA\API_testing_A\wordpress\tests\crud">
<suite id="s1-s1-s1" name="Categories" source="D:\worpressTeamA\API_testing_A\wordpress\tests\crud\categories">
<suite id="s1-s1-s1-s1" name="Test Crud Categories" source="D:\worpressTeamA\API_testing_A\wordpress\tests\crud\categories\test_crud_categories.robot">
<test id="s1-s1-s1-s1-t1" name="Verify a category is created, updated and deleted successfully" line="8">
<kw name="Create A Category" library="categories">
<var>${id_category}</var>
<arg>New category</arg>
<arg>This is a new category</arg>
<kw name="Get Credentials" library="get_credentials">
<var>${auth}</var>
<kw name="Get Basic Auth" library="wordpress.src.common_imports.CommonLibraries">
<var>${auth}</var>
<doc>Gets basic authentication using username and password</doc>
<msg timestamp="20230421 17:35:31.755" level="INFO">${auth} = &lt;requests.auth.HTTPBasicAuth object at 0x00000253756809D0&gt;</msg>
<status status="PASS" starttime="20230421 17:35:31.755" endtime="20230421 17:35:31.755"/>
</kw>
<msg timestamp="20230421 17:35:31.756" level="INFO">${auth} = &lt;requests.auth.HTTPBasicAuth object at 0x00000253756809D0&gt;</msg>
<status status="PASS" starttime="20230421 17:35:31.754" endtime="20230421 17:35:31.756"/>
</kw>
<kw name="Create Dictionary" library="BuiltIn">
<var>${body}</var>
<arg>name=${name}</arg>
<arg>description=${description}</arg>
<doc>Creates and returns a dictionary based on the given ``items``.</doc>
<msg timestamp="20230421 17:35:31.757" level="INFO">${body} = {'name': 'New category', 'description': 'This is a new category'}</msg>
<status status="PASS" starttime="20230421 17:35:31.756" endtime="20230421 17:35:31.757"/>
</kw>
<kw name="Make Request Post" library="wordpress.src.common_imports.CommonLibraries">
<var>${response}</var>
<arg>${endpoint}</arg>
<arg>body=${body}</arg>
<arg>auth=${auth}</arg>
<doc>Makes a POST request to a API endpoint</doc>
<msg timestamp="20230421 17:35:31.757" level="INFO">Method: POST</msg>
<msg timestamp="20230421 17:35:31.757" level="INFO">URL: http://localhost/wp-json/wp/v2/categories/</msg>
<msg timestamp="20230421 17:35:31.869" level="INFO">${response} = &lt;Response [201]&gt;</msg>
<status status="PASS" starttime="20230421 17:35:31.757" endtime="20230421 17:35:31.869"/>
</kw>
<kw name="Validate Response Status" library="wordpress.src.common_imports.CommonLibraries">
<arg>${response}</arg>
<arg>exp_status=201</arg>
<doc>Validates the status code of a request</doc>
<msg timestamp="20230421 17:35:31.870" level="INFO">Actual response is 201, expect: 201</msg>
<status status="PASS" starttime="20230421 17:35:31.869" endtime="20230421 17:35:31.871"/>
</kw>
<kw name="Get Format Response" library="wordpress.src.common_imports.CommonLibraries">
<var>${response_with_format}</var>
<arg>${response}</arg>
<doc>Instances the method with tha required format</doc>
<msg timestamp="20230421 17:35:31.872" level="INFO">${response_with_format} = {'id': 17, 'count': 0, 'description': 'This is a new category', 'link': 'http://localhost/category/new-category/', 'name': 'New category', 'slug': 'new-category', 'taxonomy': 'category', 'parent': 0, ...</msg>
<status status="PASS" starttime="20230421 17:35:31.871" endtime="20230421 17:35:31.872"/>
</kw>
<kw name="Log" library="BuiltIn">
<arg>${response_with_format}</arg>
<doc>Logs the given message with the given level.</doc>
<msg timestamp="20230421 17:35:31.873" level="INFO">{'id': 17, 'count': 0, 'description': 'This is a new category', 'link': 'http://localhost/category/new-category/', 'name': 'New category', 'slug': 'new-category', 'taxonomy': 'category', 'parent': 0, 'meta': [], '_links': {'self': [{'href': 'http://localhost/wp-json/wp/v2/categories/17'}], 'collection': [{'href': 'http://localhost/wp-json/wp/v2/categories'}], 'about': [{'href': 'http://localhost/wp-json/wp/v2/taxonomies/category'}], 'wp:post_type': [{'href': 'http://localhost/wp-json/wp/v2/posts?categories=17'}], 'curies': [{'name': 'wp', 'href': 'https://api.w.org/{rel}', 'templated': True}]}}</msg>
<status status="PASS" starttime="20230421 17:35:31.872" endtime="20230421 17:35:31.873"/>
</kw>
<kw name="Get Dictionary Value" library="wordpress.src.common_imports.CommonLibraries">
<var>${id_category}</var>
<arg>id</arg>
<arg>${response_with_format}</arg>
<doc>Gets a value from a dictionary</doc>
<msg timestamp="20230421 17:35:31.873" level="INFO">${id_category} = 17</msg>
<status status="PASS" starttime="20230421 17:35:31.873" endtime="20230421 17:35:31.873"/>
</kw>
<msg timestamp="20230421 17:35:31.873" level="INFO">${id_category} = 17</msg>
<status status="PASS" starttime="20230421 17:35:31.754" endtime="20230421 17:35:31.874"/>
</kw>
<kw name="Get Category Created With Id" library="categories">
<arg>${id_category}</arg>
<kw name="Get Credentials" library="get_credentials">
<var>${auth}</var>
<kw name="Get Basic Auth" library="wordpress.src.common_imports.CommonLibraries">
<var>${auth}</var>
<doc>Gets basic authentication using username and password</doc>
<msg timestamp="20230421 17:35:31.876" level="INFO">${auth} = &lt;requests.auth.HTTPBasicAuth object at 0x000002537566EF40&gt;</msg>
<status status="PASS" starttime="20230421 17:35:31.876" endtime="20230421 17:35:31.876"/>
</kw>
<msg timestamp="20230421 17:35:31.876" level="INFO">${auth} = &lt;requests.auth.HTTPBasicAuth object at 0x000002537566EF40&gt;</msg>
<status status="PASS" starttime="20230421 17:35:31.875" endtime="20230421 17:35:31.876"/>
</kw>
<kw name="Make Request Get" library="wordpress.src.common_imports.CommonLibraries">
<var>${response}</var>
<arg>${endpoint}</arg>
<arg>id=${id_category}</arg>
<arg>auth=${auth}</arg>
<doc>Makes a GET request to a API endpoint</doc>
<msg timestamp="20230421 17:35:31.877" level="INFO">Method: GET</msg>
<msg timestamp="20230421 17:35:31.877" level="INFO">URL: http://localhost/wp-json/wp/v2/categories/17</msg>
<msg timestamp="20230421 17:35:31.946" level="INFO">${response} = &lt;Response [200]&gt;</msg>
<status status="PASS" starttime="20230421 17:35:31.877" endtime="20230421 17:35:31.946"/>
</kw>
<kw name="Validate Response Status" library="wordpress.src.common_imports.CommonLibraries">
<arg>${response}</arg>
<doc>Validates the status code of a request</doc>
<msg timestamp="20230421 17:35:31.948" level="INFO">Actual response is 200, expect: 200</msg>
<status status="PASS" starttime="20230421 17:35:31.947" endtime="20230421 17:35:31.948"/>
</kw>
<kw name="Get Format Response" library="wordpress.src.common_imports.CommonLibraries">
<var>${response_with_format}</var>
<arg>${response}</arg>
<doc>Instances the method with tha required format</doc>
<msg timestamp="20230421 17:35:31.949" level="INFO">${response_with_format} = {'id': 17, 'count': 0, 'description': 'This is a new category', 'link': 'http://localhost/category/new-category/', 'name': 'New category', 'slug': 'new-category', 'taxonomy': 'category', 'parent': 0, ...</msg>
<status status="PASS" starttime="20230421 17:35:31.948" endtime="20230421 17:35:31.949"/>
</kw>
<kw name="Log" library="BuiltIn">
<arg>${response_with_format}</arg>
<doc>Logs the given message with the given level.</doc>
<msg timestamp="20230421 17:35:31.949" level="INFO">{'id': 17, 'count': 0, 'description': 'This is a new category', 'link': 'http://localhost/category/new-category/', 'name': 'New category', 'slug': 'new-category', 'taxonomy': 'category', 'parent': 0, 'meta': [], '_links': {'self': [{'href': 'http://localhost/wp-json/wp/v2/categories/17'}], 'collection': [{'href': 'http://localhost/wp-json/wp/v2/categories'}], 'about': [{'href': 'http://localhost/wp-json/wp/v2/taxonomies/category'}], 'wp:post_type': [{'href': 'http://localhost/wp-json/wp/v2/posts?categories=17'}], 'curies': [{'name': 'wp', 'href': 'https://api.w.org/{rel}', 'templated': True}]}}</msg>
<status status="PASS" starttime="20230421 17:35:31.949" endtime="20230421 17:35:31.950"/>
</kw>
<status status="PASS" starttime="20230421 17:35:31.874" endtime="20230421 17:35:31.950"/>
</kw>
<kw name="Update Category Description" library="categories">
<arg>${id_category}</arg>
<arg>This is a description updated</arg>
<kw name="Get Credentials" library="get_credentials">
<var>${auth}</var>
<kw name="Get Basic Auth" library="wordpress.src.common_imports.CommonLibraries">
<var>${auth}</var>
<doc>Gets basic authentication using username and password</doc>
<msg timestamp="20230421 17:35:31.954" level="INFO">${auth} = &lt;requests.auth.HTTPBasicAuth object at 0x000002537568A460&gt;</msg>
<status status="PASS" starttime="20230421 17:35:31.954" endtime="20230421 17:35:31.954"/>
</kw>
<msg timestamp="20230421 17:35:31.955" level="INFO">${auth} = &lt;requests.auth.HTTPBasicAuth object at 0x000002537568A460&gt;</msg>
<status status="PASS" starttime="20230421 17:35:31.953" endtime="20230421 17:35:31.955"/>
</kw>
<kw name="Create Dictionary" library="BuiltIn">
<var>${body}</var>
<arg>description=${description}</arg>
<doc>Creates and returns a dictionary based on the given ``items``.</doc>
<msg timestamp="20230421 17:35:31.956" level="INFO">${body} = {'description': 'This is a description updated'}</msg>
<status status="PASS" starttime="20230421 17:35:31.955" endtime="20230421 17:35:31.956"/>
</kw>
<kw name="Make Request Put" library="wordpress.src.common_imports.CommonLibraries">
<var>${response}</var>
<arg>${endpoint}</arg>
<arg>body=${body}</arg>
<arg>id=${id_category}</arg>
<arg>auth=${auth}</arg>
<doc>Makes a PUT request to a API endpoint</doc>
<msg timestamp="20230421 17:35:31.958" level="INFO">Method: PUT</msg>
<msg timestamp="20230421 17:35:31.958" level="INFO">URL: http://localhost/wp-json/wp/v2/categories/17</msg>
<msg timestamp="20230421 17:35:32.045" level="INFO">${response} = &lt;Response [200]&gt;</msg>
<status status="PASS" starttime="20230421 17:35:31.957" endtime="20230421 17:35:32.046"/>
</kw>
<kw name="Validate Response Status" library="wordpress.src.common_imports.CommonLibraries">
<arg>${response}</arg>
<doc>Validates the status code of a request</doc>
<msg timestamp="20230421 17:35:32.047" level="INFO">Actual response is 200, expect: 200</msg>
<status status="PASS" starttime="20230421 17:35:32.046" endtime="20230421 17:35:32.047"/>
</kw>
<kw name="Get Format Response" library="wordpress.src.common_imports.CommonLibraries">
<var>${response_with_format}</var>
<arg>${response}</arg>
<doc>Instances the method with tha required format</doc>
<msg timestamp="20230421 17:35:32.048" level="INFO">${response_with_format} = {'id': 17, 'count': 0, 'description': 'This is a description updated', 'link': 'http://localhost/category/new-category/', 'name': 'New category', 'slug': 'new-category', 'taxonomy': 'category', 'paren...</msg>
<status status="PASS" starttime="20230421 17:35:32.047" endtime="20230421 17:35:32.048"/>
</kw>
<kw name="Log" library="BuiltIn">
<arg>${response_with_format}</arg>
<doc>Logs the given message with the given level.</doc>
<msg timestamp="20230421 17:35:32.049" level="INFO">{'id': 17, 'count': 0, 'description': 'This is a description updated', 'link': 'http://localhost/category/new-category/', 'name': 'New category', 'slug': 'new-category', 'taxonomy': 'category', 'parent': 0, 'meta': [], '_links': {'self': [{'href': 'http://localhost/wp-json/wp/v2/categories/17'}], 'collection': [{'href': 'http://localhost/wp-json/wp/v2/categories'}], 'about': [{'href': 'http://localhost/wp-json/wp/v2/taxonomies/category'}], 'wp:post_type': [{'href': 'http://localhost/wp-json/wp/v2/posts?categories=17'}], 'curies': [{'name': 'wp', 'href': 'https://api.w.org/{rel}', 'templated': True}]}}</msg>
<status status="PASS" starttime="20230421 17:35:32.048" endtime="20230421 17:35:32.049"/>
</kw>
<status status="PASS" starttime="20230421 17:35:31.951" endtime="20230421 17:35:32.049"/>
</kw>
<kw name="Delete A Category" library="categories">
<arg>${id_category}</arg>
<kw name="Get Credentials" library="get_credentials">
<var>${auth}</var>
<kw name="Get Basic Auth" library="wordpress.src.common_imports.CommonLibraries">
<var>${auth}</var>
<doc>Gets basic authentication using username and password</doc>
<msg timestamp="20230421 17:35:32.053" level="INFO">${auth} = &lt;requests.auth.HTTPBasicAuth object at 0x00000253756D36D0&gt;</msg>
<status status="PASS" starttime="20230421 17:35:32.052" endtime="20230421 17:35:32.053"/>
</kw>
<msg timestamp="20230421 17:35:32.054" level="INFO">${auth} = &lt;requests.auth.HTTPBasicAuth object at 0x00000253756D36D0&gt;</msg>
<status status="PASS" starttime="20230421 17:35:32.051" endtime="20230421 17:35:32.055"/>
</kw>
<kw name="Create Dictionary" library="BuiltIn">
<var>${params}</var>
<arg>force=true</arg>
<doc>Creates and returns a dictionary based on the given ``items``.</doc>
<msg timestamp="20230421 17:35:32.056" level="INFO">${params} = {'force': 'true'}</msg>
<status status="PASS" starttime="20230421 17:35:32.055" endtime="20230421 17:35:32.056"/>
</kw>
<kw name="Make Request Delete" library="wordpress.src.common_imports.CommonLibraries">
<var>${response}</var>
<arg>${endpoint}</arg>
<arg>id=${id_category}</arg>
<arg>params=${params}</arg>
<arg>auth=${auth}</arg>
<doc>Makes a DELETE request to a API endpoint</doc>
<msg timestamp="20230421 17:35:32.057" level="INFO">Method: DELETE</msg>
<msg timestamp="20230421 17:35:32.057" level="INFO">URL: http://localhost/wp-json/wp/v2/categories/17</msg>
<msg timestamp="20230421 17:35:32.147" level="INFO">${response} = &lt;Response [200]&gt;</msg>
<status status="PASS" starttime="20230421 17:35:32.056" endtime="20230421 17:35:32.147"/>
</kw>
<kw name="Validate Response Status" library="wordpress.src.common_imports.CommonLibraries">
<arg>${response}</arg>
<doc>Validates the status code of a request</doc>
<msg timestamp="20230421 17:35:32.149" level="INFO">Actual response is 200, expect: 200</msg>
<status status="PASS" starttime="20230421 17:35:32.148" endtime="20230421 17:35:32.149"/>
</kw>
<kw name="Get Format Response" library="wordpress.src.common_imports.CommonLibraries">
<var>${response_with_format}</var>
<arg>${response}</arg>
<doc>Instances the method with tha required format</doc>
<msg timestamp="20230421 17:35:32.149" level="INFO">${response_with_format} = {'deleted': True, 'previous': {'id': 17, 'count': 0, 'description': 'This is a description updated', 'link': 'http://localhost/category/new-category/', 'name': 'New category', 'slug': 'new-category', ...</msg>
<status status="PASS" starttime="20230421 17:35:32.149" endtime="20230421 17:35:32.149"/>
</kw>
<kw name="Log" library="BuiltIn">
<arg>${response_with_format}</arg>
<doc>Logs the given message with the given level.</doc>
<msg timestamp="20230421 17:35:32.150" level="INFO">{'deleted': True, 'previous': {'id': 17, 'count': 0, 'description': 'This is a description updated', 'link': 'http://localhost/category/new-category/', 'name': 'New category', 'slug': 'new-category', 'taxonomy': 'category', 'parent': 0, 'meta': []}}</msg>
<status status="PASS" starttime="20230421 17:35:32.150" endtime="20230421 17:35:32.150"/>
</kw>
<status status="PASS" starttime="20230421 17:35:32.050" endtime="20230421 17:35:32.150"/>
</kw>
<status status="PASS" starttime="20230421 17:35:31.751" endtime="20230421 17:35:32.151"/>
</test>
<test id="s1-s1-s1-s1-t2" name="Verify all categories are listed successfully" line="14">
<kw name="Get All Categories" library="categories">
<kw name="Get Credentials" library="get_credentials">
<var>${auth}</var>
<kw name="Get Basic Auth" library="wordpress.src.common_imports.CommonLibraries">
<var>${auth}</var>
<doc>Gets basic authentication using username and password</doc>
<msg timestamp="20230421 17:35:32.155" level="INFO">${auth} = &lt;requests.auth.HTTPBasicAuth object at 0x0000025375680BE0&gt;</msg>
<status status="PASS" starttime="20230421 17:35:32.155" endtime="20230421 17:35:32.155"/>
</kw>
<msg timestamp="20230421 17:35:32.156" level="INFO">${auth} = &lt;requests.auth.HTTPBasicAuth object at 0x0000025375680BE0&gt;</msg>
<status status="PASS" starttime="20230421 17:35:32.155" endtime="20230421 17:35:32.156"/>
</kw>
<kw name="Make Request Get" library="wordpress.src.common_imports.CommonLibraries">
<var>${response}</var>
<arg>${endpoint}</arg>
<arg>auth=${auth}</arg>
<doc>Makes a GET request to a API endpoint</doc>
<msg timestamp="20230421 17:35:32.157" level="INFO">Method: GET</msg>
<msg timestamp="20230421 17:35:32.157" level="INFO">URL: http://localhost/wp-json/wp/v2/categories/</msg>
<msg timestamp="20230421 17:35:32.221" level="INFO">${response} = &lt;Response [200]&gt;</msg>
<status status="PASS" starttime="20230421 17:35:32.156" endtime="20230421 17:35:32.222"/>
</kw>
<kw name="Validate Response Status" library="wordpress.src.common_imports.CommonLibraries">
<arg>${response}</arg>
<doc>Validates the status code of a request</doc>
<msg timestamp="20230421 17:35:32.224" level="INFO">Actual response is 200, expect: 200</msg>
<status status="PASS" starttime="20230421 17:35:32.223" endtime="20230421 17:35:32.224"/>
</kw>
<kw name="Get Format Response" library="wordpress.src.common_imports.CommonLibraries">
<var>${response_with_format}</var>
<arg>${response}</arg>
<doc>Instances the method with tha required format</doc>
<msg timestamp="20230421 17:35:32.225" level="INFO">${response_with_format} = [{'id': 3, 'count': 0, 'description': '', 'link': 'http://localhost/category/testing-categories/', 'name': 'testing categories', 'slug': 'testing-categories', 'taxonomy': 'category', 'parent': 0, 'met...</msg>
<status status="PASS" starttime="20230421 17:35:32.224" endtime="20230421 17:35:32.225"/>
</kw>
<kw name="Log" library="BuiltIn">
<arg>${response_with_format}</arg>
<doc>Logs the given message with the given level.</doc>
<msg timestamp="20230421 17:35:32.225" level="INFO">[{'id': 3, 'count': 0, 'description': '', 'link': 'http://localhost/category/testing-categories/', 'name': 'testing categories', 'slug': 'testing-categories', 'taxonomy': 'category', 'parent': 0, 'meta': [], '_links': {'self': [{'href': 'http://localhost/wp-json/wp/v2/categories/3'}], 'collection': [{'href': 'http://localhost/wp-json/wp/v2/categories'}], 'about': [{'href': 'http://localhost/wp-json/wp/v2/taxonomies/category'}], 'wp:post_type': [{'href': 'http://localhost/wp-json/wp/v2/posts?categories=3'}], 'curies': [{'name': 'wp', 'href': 'https://api.w.org/{rel}', 'templated': True}]}}, {'id': 4, 'count': 0, 'description': '', 'link': 'http://localhost/category/uncategorized/testing-categories-uncategorized/', 'name': 'testing categories', 'slug': 'testing-categories-uncategorized', 'taxonomy': 'category', 'parent': 1, 'meta': [], '_links': {'self': [{'href': 'http://localhost/wp-json/wp/v2/categories/4'}], 'collection': [{'href': 'http://localhost/wp-json/wp/v2/categories'}], 'about': [{'href': 'http://localhost/wp-json/wp/v2/taxonomies/category'}], 'up': [{'embeddable': True, 'href': 'http://localhost/wp-json/wp/v2/categories/1'}], 'wp:post_type': [{'href': 'http://localhost/wp-json/wp/v2/posts?categories=4'}], 'curies': [{'name': 'wp', 'href': 'https://api.w.org/{rel}', 'templated': True}]}}, {'id': 7, 'count': 0, 'description': 'Hola', 'link': 'http://localhost/category/testing-categories/testing-categories-testing-categories/', 'name': 'testing categories', 'slug': 'testing-categories-testing-categories', 'taxonomy': 'category', 'parent': 3, 'meta': [], '_links': {'self': [{'href': 'http://localhost/wp-json/wp/v2/categories/7'}], 'collection': [{'href': 'http://localhost/wp-json/wp/v2/categories'}], 'about': [{'href': 'http://localhost/wp-json/wp/v2/taxonomies/category'}], 'up': [{'embeddable': True, 'href': 'http://localhost/wp-json/wp/v2/categories/3'}], 'wp:post_type': [{'href': 'http://localhost/wp-json/wp/v2/posts?categories=7'}], 'curies': [{'name': 'wp', 'href': 'https://api.w.org/{rel}', 'templated': True}]}}, {'id': 8, 'count': 0, 'description': '', 'link': 'http://localhost/category/testing-categories/testing-slug/', 'name': 'testing categories', 'slug': 'testing-slug', 'taxonomy': 'category', 'parent': 3, 'meta': [], '_links': {'self': [{'href': 'http://localhost/wp-json/wp/v2/categories/8'}], 'collection': [{'href': 'http://localhost/wp-json/wp/v2/categories'}], 'about': [{'href': 'http://localhost/wp-json/wp/v2/taxonomies/category'}], 'up': [{'embeddable': True, 'href': 'http://localhost/wp-json/wp/v2/categories/3'}], 'wp:post_type': [{'href': 'http://localhost/wp-json/wp/v2/posts?categories=8'}], 'curies': [{'name': 'wp', 'href': 'https://api.w.org/{rel}', 'templated': True}]}}, {'id': 1, 'count': 162, 'description': '', 'link': 'http://localhost/category/uncategorized/', 'name': 'Uncategorized', 'slug': 'uncategorized', 'taxonomy': 'category', 'parent': 0, 'meta': [], '_links': {'self': [{'href': 'http://localhost/wp-json/wp/v2/categories/1'}], 'collection': [{'href': 'http://localhost/wp-json/wp/v2/categories'}], 'about': [{'href': 'http://localhost/wp-json/wp/v2/taxonomies/category'}], 'wp:post_type': [{'href': 'http://localhost/wp-json/wp/v2/posts?categories=1'}], 'curies': [{'name': 'wp', 'href': 'https://api.w.org/{rel}', 'templated': True}]}}]</msg>
<status status="PASS" starttime="20230421 17:35:32.225" endtime="20230421 17:35:32.225"/>
</kw>
<status status="PASS" starttime="20230421 17:35:32.154" endtime="20230421 17:35:32.226"/>
</kw>
<status status="PASS" starttime="20230421 17:35:32.153" endtime="20230421 17:35:32.226"/>
</test>
<doc>Tests to verify that a category can be created successfully
and the API returns status code 201 whenever a category is
generated.</doc>
<status status="PASS" starttime="20230421 17:35:31.509" endtime="20230421 17:35:32.229"/>
</suite>
<status status="PASS" starttime="20230421 17:35:31.504" endtime="20230421 17:35:32.232"/>
</suite>
<suite id="s1-s1-s2" name="Comments" source="D:\worpressTeamA\API_testing_A\wordpress\tests\crud\comments">
<suite id="s1-s1-s2-s1" name="Crud Comment" source="D:\worpressTeamA\API_testing_A\wordpress\tests\crud\comments\crud_comment.robot">
<kw name="Create A Post For A Comment" library="comments" type="SETUP">
<kw name="Get Credentials" library="get_credentials">
<var>${auth}</var>
<kw name="Get Basic Auth" library="wordpress.src.common_imports.CommonLibraries">
<var>${auth}</var>
<doc>Gets basic authentication using username and password</doc>
<msg timestamp="20230421 17:35:32.274" level="INFO">${auth} = &lt;requests.auth.HTTPBasicAuth object at 0x00000253756E4F10&gt;</msg>
<status status="PASS" starttime="20230421 17:35:32.273" endtime="20230421 17:35:32.275"/>
</kw>
<msg timestamp="20230421 17:35:32.275" level="INFO">${auth} = &lt;requests.auth.HTTPBasicAuth object at 0x00000253756E4F10&gt;</msg>
<status status="PASS" starttime="20230421 17:35:32.272" endtime="20230421 17:35:32.275"/>
</kw>
<kw name="Create Dictionary" library="BuiltIn">
<var>${body}</var>
<arg>title=Post to test comments</arg>
<arg>status=publish</arg>
<doc>Creates and returns a dictionary based on the given ``items``.</doc>
<msg timestamp="20230421 17:35:32.276" level="INFO">${body} = {'title': 'Post to test comments', 'status': 'publish'}</msg>
<status status="PASS" starttime="20230421 17:35:32.276" endtime="20230421 17:35:32.276"/>
</kw>
<kw name="Make Request Post" library="wordpress.src.common_imports.CommonLibraries">
<var>${response}</var>
<arg>posts</arg>
<arg>body=${body}</arg>
<arg>auth=${auth}</arg>
<doc>Makes a POST request to a API endpoint</doc>
<msg timestamp="20230421 17:35:32.277" level="INFO">Method: POST</msg>
<msg timestamp="20230421 17:35:32.277" level="INFO">URL: http://localhost/wp-json/wp/v2/posts/</msg>
<msg timestamp="20230421 17:35:32.410" level="INFO">${response} = &lt;Response [201]&gt;</msg>
<status status="PASS" starttime="20230421 17:35:32.276" endtime="20230421 17:35:32.410"/>
</kw>
<kw name="Validate Response Status" library="wordpress.src.common_imports.CommonLibraries">
<arg>${response}</arg>
<arg>exp_status=201</arg>
<doc>Validates the status code of a request</doc>
<msg timestamp="20230421 17:35:32.412" level="INFO">Actual response is 201, expect: 201</msg>
<status status="PASS" starttime="20230421 17:35:32.411" endtime="20230421 17:35:32.412"/>
</kw>
<kw name="Get Format Response" library="wordpress.src.common_imports.CommonLibraries">
<var>${response_with_format}</var>
<arg>${response}</arg>
<arg>format_json</arg>
<doc>Instances the method with tha required format</doc>
<msg timestamp="20230421 17:35:32.413" level="INFO">${response_with_format} = {'id': 909, 'date': '2023-04-21T21:35:32', 'date_gmt': '2023-04-21T21:35:32', 'guid': {'rendered': 'http://localhost/2023/04/21/post-to-test-comments/', 'raw': 'http://localhost/2023/04/21/post-to-tes...</msg>
<status status="PASS" starttime="20230421 17:35:32.413" endtime="20230421 17:35:32.413"/>
</kw>
<kw name="Log" library="BuiltIn">
<arg>${response_with_format}</arg>
<doc>Logs the given message with the given level.</doc>
<msg timestamp="20230421 17:35:32.414" level="INFO">{'id': 909, 'date': '2023-04-21T21:35:32', 'date_gmt': '2023-04-21T21:35:32', 'guid': {'rendered': 'http://localhost/2023/04/21/post-to-test-comments/', 'raw': 'http://localhost/2023/04/21/post-to-test-comments/'}, 'modified': '2023-04-21T21:35:32', 'modified_gmt': '2023-04-21T21:35:32', 'password': '', 'slug': 'post-to-test-comments', 'status': 'publish', 'type': 'post', 'link': 'http://localhost/2023/04/21/post-to-test-comments/', 'title': {'raw': 'Post to test comments', 'rendered': 'Post to test comments'}, 'content': {'raw': '', 'rendered': '', 'protected': False, 'block_version': 0}, 'excerpt': {'raw': '', 'rendered': '', 'protected': False}, 'author': 1, 'featured_media': 0, 'comment_status': 'open', 'ping_status': 'open', 'sticky': False, 'template': '', 'format': 'standard', 'meta': [], 'categories': [1], 'tags': [], 'permalink_template': 'http://localhost/2023/04/21/%postname%/', 'generated_slug': 'post-to-test-comments', '_links': {'self': [{'href': 'http://localhost/wp-json/wp/v2/posts/909'}], 'collection': [{'href': 'http://localhost/wp-json/wp/v2/posts'}], 'about': [{'href': 'http://localhost/wp-json/wp/v2/types/post'}], 'author': [{'embeddable': True, 'href': 'http://localhost/wp-json/wp/v2/users/1'}], 'replies': [{'embeddable': True, 'href': 'http://localhost/wp-json/wp/v2/comments?post=909'}], 'version-history': [{'count': 0, 'href': 'http://localhost/wp-json/wp/v2/posts/909/revisions'}], 'wp:attachment': [{'href': 'http://localhost/wp-json/wp/v2/media?parent=909'}], 'wp:term': [{'taxonomy': 'category', 'embeddable': True, 'href': 'http://localhost/wp-json/wp/v2/categories?post=909'}, {'taxonomy': 'post_tag', 'embeddable': True, 'href': 'http://localhost/wp-json/wp/v2/tags?post=909'}], 'wp:action-publish': [{'href': 'http://localhost/wp-json/wp/v2/posts/909'}], 'wp:action-unfiltered-html': [{'href': 'http://localhost/wp-json/wp/v2/posts/909'}], 'wp:action-sticky': [{'href': 'http://localhost/wp-json/wp/v2/posts/909'}], 'wp:action-assign-author': [{'href': 'http://localhost/wp-json/wp/v2/posts/909'}], 'wp:action-create-categories': [{'href': 'http://localhost/wp-json/wp/v2/posts/909'}], 'wp:action-assign-categories': [{'href': 'http://localhost/wp-json/wp/v2/posts/909'}], 'wp:action-create-tags': [{'href': 'http://localhost/wp-json/wp/v2/posts/909'}], 'wp:action-assign-tags': [{'href': 'http://localhost/wp-json/wp/v2/posts/909'}], 'curies': [{'name': 'wp', 'href': 'https://api.w.org/{rel}', 'templated': True}]}}</msg>
<status status="PASS" starttime="20230421 17:35:32.413" endtime="20230421 17:35:32.414"/>
</kw>
<kw name="Get Dictionary Value" library="wordpress.src.common_imports.CommonLibraries">
<var>${post_id}</var>
<arg>id</arg>
<arg>${response with format}</arg>
<doc>Gets a value from a dictionary</doc>
<msg timestamp="20230421 17:35:32.415" level="INFO">${post_id} = 909</msg>
<status status="PASS" starttime="20230421 17:35:32.414" endtime="20230421 17:35:32.415"/>
</kw>
<kw name="Set Suite Variable" library="BuiltIn">
<arg>${post_id}</arg>
<doc>Makes a variable available everywhere within the scope of the current suite.</doc>
<msg timestamp="20230421 17:35:32.415" level="INFO">${post_id} = 909</msg>
<status status="PASS" starttime="20230421 17:35:32.415" endtime="20230421 17:35:32.415"/>
</kw>
<status status="PASS" starttime="20230421 17:35:32.271" endtime="20230421 17:35:32.415"/>
</kw>
<test id="s1-s1-s2-s1-t1" name="Verify that a comment can be created edited and deleted successfully" line="10">
<kw name="Create A New Comment" library="comments">
<var>${comment_id}</var>
<arg>This is the content of the new comment</arg>
<arg>${post_id}</arg>
<kw name="Get Credentials" library="get_credentials">
<var>${auth}</var>
<kw name="Get Basic Auth" library="wordpress.src.common_imports.CommonLibraries">
<var>${auth}</var>
<doc>Gets basic authentication using username and password</doc>
<msg timestamp="20230421 17:35:32.420" level="INFO">${auth} = &lt;requests.auth.HTTPBasicAuth object at 0x00000253756EA460&gt;</msg>
<status status="PASS" starttime="20230421 17:35:32.419" endtime="20230421 17:35:32.420"/>
</kw>
<msg timestamp="20230421 17:35:32.421" level="INFO">${auth} = &lt;requests.auth.HTTPBasicAuth object at 0x00000253756EA460&gt;</msg>
<status status="PASS" starttime="20230421 17:35:32.418" endtime="20230421 17:35:32.421"/>
</kw>
<kw name="Create Dictionary" library="BuiltIn">
<var>${body}</var>
<arg>author=1</arg>
<arg>content=${content}</arg>
<arg>post=${post_id}</arg>
<doc>Creates and returns a dictionary based on the given ``items``.</doc>
<msg timestamp="20230421 17:35:32.424" level="INFO">${body} = {'author': '1', 'content': 'This is the content of the new comment', 'post': 909}</msg>
<status status="PASS" starttime="20230421 17:35:32.422" endtime="20230421 17:35:32.424"/>
</kw>
<kw name="Make Request Post" library="wordpress.src.common_imports.CommonLibraries">
<var>${response}</var>
<arg>${endpoint}</arg>
<arg>body=${body}</arg>
<arg>auth=${auth}</arg>
<doc>Makes a POST request to a API endpoint</doc>
<msg timestamp="20230421 17:35:32.425" level="INFO">Method: POST</msg>
<msg timestamp="20230421 17:35:32.425" level="INFO">URL: http://localhost/wp-json/wp/v2/comments/</msg>
<msg timestamp="20230421 17:35:32.966" level="INFO">${response} = &lt;Response [201]&gt;</msg>
<status status="PASS" starttime="20230421 17:35:32.424" endtime="20230421 17:35:32.966"/>
</kw>
<kw name="Validate Response Status" library="wordpress.src.common_imports.CommonLibraries">
<arg>${response}</arg>
<arg>exp_status=201</arg>
<doc>Validates the status code of a request</doc>
<msg timestamp="20230421 17:35:32.967" level="INFO">Actual response is 201, expect: 201</msg>
<status status="PASS" starttime="20230421 17:35:32.967" endtime="20230421 17:35:32.967"/>
</kw>
<kw name="Get Format Response" library="wordpress.src.common_imports.CommonLibraries">
<var>${response_with_format}</var>
<arg>${response}</arg>
<arg>format_json</arg>
<doc>Instances the method with tha required format</doc>
<msg timestamp="20230421 17:35:32.969" level="INFO">${response_with_format} = {'id': 46, 'post': 909, 'parent': 0, 'author': 1, 'author_name': 'marie212', 'author_email': 'marieug.mc@gmail.com', 'author_url': 'http://localhost', 'author_ip': '172.19.0.1', 'author_user_agent': '...</msg>
<status status="PASS" starttime="20230421 17:35:32.967" endtime="20230421 17:35:32.969"/>
</kw>
<kw name="Log" library="BuiltIn">
<arg>${response_with_format}</arg>
<doc>Logs the given message with the given level.</doc>
<msg timestamp="20230421 17:35:32.970" level="INFO">{'id': 46, 'post': 909, 'parent': 0, 'author': 1, 'author_name': 'marie212', 'author_email': 'marieug.mc@gmail.com', 'author_url': 'http://localhost', 'author_ip': '172.19.0.1', 'author_user_agent': 'python-requests/2.28.2', 'date': '2023-04-21T21:35:32', 'date_gmt': '2023-04-21T21:35:32', 'content': {'rendered': '&lt;p&gt;This is the content of the new comment&lt;/p&gt;\n', 'raw': 'This is the content of the new comment'}, 'link': 'http://localhost/2023/04/21/post-to-test-comments/#comment-46', 'status': 'approved', 'type': 'comment', 'author_avatar_urls': {'24': 'http://0.gravatar.com/avatar/0a843ad6a3e77297fef863ded230fb93?s=24&amp;d=mm&amp;r=g', '48': 'http://0.gravatar.com/avatar/0a843ad6a3e77297fef863ded230fb93?s=48&amp;d=mm&amp;r=g', '96': 'http://0.gravatar.com/avatar/0a843ad6a3e77297fef863ded230fb93?s=96&amp;d=mm&amp;r=g'}, 'meta': [], '_links': {'self': [{'href': 'http://localhost/wp-json/wp/v2/comments/46'}], 'collection': [{'href': 'http://localhost/wp-json/wp/v2/comments'}], 'author': [{'embeddable': True, 'href': 'http://localhost/wp-json/wp/v2/users/1'}], 'up': [{'embeddable': True, 'post_type': 'post', 'href': 'http://localhost/wp-json/wp/v2/posts/909'}]}}</msg>
<status status="PASS" starttime="20230421 17:35:32.970" endtime="20230421 17:35:32.971"/>
</kw>
<kw name="Get Dictionary Value" library="wordpress.src.common_imports.CommonLibraries">
<var>${comment_id}</var>
<arg>id</arg>
<arg>${response_with_format}</arg>
<doc>Gets a value from a dictionary</doc>
<msg timestamp="20230421 17:35:32.971" level="INFO">${comment_id} = 46</msg>
<status status="PASS" starttime="20230421 17:35:32.971" endtime="20230421 17:35:32.971"/>
</kw>
<msg timestamp="20230421 17:35:32.972" level="INFO">${comment_id} = 46</msg>
<status status="PASS" starttime="20230421 17:35:32.417" endtime="20230421 17:35:32.972"/>
</kw>
<kw name="Verify Comment Exists" library="comments">
<arg>${comment_id}</arg>
<kw name="Get Credentials" library="get_credentials">
<var>${auth}</var>
<kw name="Get Basic Auth" library="wordpress.src.common_imports.CommonLibraries">
<var>${auth}</var>
<doc>Gets basic authentication using username and password</doc>
<msg timestamp="20230421 17:35:32.974" level="INFO">${auth} = &lt;requests.auth.HTTPBasicAuth object at 0x00000253756EEBB0&gt;</msg>
<status status="PASS" starttime="20230421 17:35:32.974" endtime="20230421 17:35:32.974"/>
</kw>
<msg timestamp="20230421 17:35:32.975" level="INFO">${auth} = &lt;requests.auth.HTTPBasicAuth object at 0x00000253756EEBB0&gt;</msg>
<status status="PASS" starttime="20230421 17:35:32.974" endtime="20230421 17:35:32.975"/>
</kw>
<kw name="Make Request Get" library="wordpress.src.common_imports.CommonLibraries">
<var>${response}</var>
<arg>${endpoint}</arg>
<arg>id=${comment_id}</arg>
<arg>auth=${auth}</arg>
<doc>Makes a GET request to a API endpoint</doc>
<msg timestamp="20230421 17:35:32.975" level="INFO">Method: GET</msg>
<msg timestamp="20230421 17:35:32.975" level="INFO">URL: http://localhost/wp-json/wp/v2/comments/46</msg>
<msg timestamp="20230421 17:35:33.047" level="INFO">${response} = &lt;Response [200]&gt;</msg>
<status status="PASS" starttime="20230421 17:35:32.975" endtime="20230421 17:35:33.047"/>
</kw>
<kw name="Validate Response Status" library="wordpress.src.common_imports.CommonLibraries">
<arg>${response}</arg>
<arg>exp_status=200</arg>
<doc>Validates the status code of a request</doc>
<msg timestamp="20230421 17:35:33.048" level="INFO">Actual response is 200, expect: 200</msg>
<status status="PASS" starttime="20230421 17:35:33.048" endtime="20230421 17:35:33.048"/>
</kw>
<kw name="Get Format Response" library="wordpress.src.common_imports.CommonLibraries">
<var>${response_with_format}</var>
<arg>${response}</arg>
<arg>format_json</arg>
<doc>Instances the method with tha required format</doc>
<msg timestamp="20230421 17:35:33.049" level="INFO">${response_with_format} = {'id': 46, 'post': 909, 'parent': 0, 'author': 1, 'author_name': 'marie212', 'author_url': 'http://localhost', 'date': '2023-04-21T21:35:32', 'date_gmt': '2023-04-21T21:35:32', 'content': {'rendered':...</msg>
<status status="PASS" starttime="20230421 17:35:33.048" endtime="20230421 17:35:33.050"/>
</kw>
<kw name="Log" library="BuiltIn">
<arg>${response_with_format}</arg>
<doc>Logs the given message with the given level.</doc>
<msg timestamp="20230421 17:35:33.050" level="INFO">{'id': 46, 'post': 909, 'parent': 0, 'author': 1, 'author_name': 'marie212', 'author_url': 'http://localhost', 'date': '2023-04-21T21:35:32', 'date_gmt': '2023-04-21T21:35:32', 'content': {'rendered': '&lt;p&gt;This is the content of the new comment&lt;/p&gt;\n'}, 'link': 'http://localhost/2023/04/21/post-to-test-comments/#comment-46', 'status': 'approved', 'type': 'comment', 'author_avatar_urls': {'24': 'http://0.gravatar.com/avatar/0a843ad6a3e77297fef863ded230fb93?s=24&amp;d=mm&amp;r=g', '48': 'http://0.gravatar.com/avatar/0a843ad6a3e77297fef863ded230fb93?s=48&amp;d=mm&amp;r=g', '96': 'http://0.gravatar.com/avatar/0a843ad6a3e77297fef863ded230fb93?s=96&amp;d=mm&amp;r=g'}, 'meta': [], '_links': {'self': [{'href': 'http://localhost/wp-json/wp/v2/comments/46'}], 'collection': [{'href': 'http://localhost/wp-json/wp/v2/comments'}], 'author': [{'embeddable': True, 'href': 'http://localhost/wp-json/wp/v2/users/1'}], 'up': [{'embeddable': True, 'post_type': 'post', 'href': 'http://localhost/wp-json/wp/v2/posts/909'}]}}</msg>
<status status="PASS" starttime="20230421 17:35:33.050" endtime="20230421 17:35:33.050"/>
</kw>
<status status="PASS" starttime="20230421 17:35:32.973" endtime="20230421 17:35:33.051"/>
</kw>
<kw name="Edit Comment" library="comments">
<arg>This is edited content on a comment</arg>
<arg>${comment_id}</arg>
<kw name="Get Credentials" library="get_credentials">
<var>${auth}</var>
<kw name="Get Basic Auth" library="wordpress.src.common_imports.CommonLibraries">
<var>${auth}</var>
<doc>Gets basic authentication using username and password</doc>
<msg timestamp="20230421 17:35:33.057" level="INFO">${auth} = &lt;requests.auth.HTTPBasicAuth object at 0x00000253756EA9A0&gt;</msg>
<status status="PASS" starttime="20230421 17:35:33.056" endtime="20230421 17:35:33.057"/>
</kw>
<msg timestamp="20230421 17:35:33.057" level="INFO">${auth} = &lt;requests.auth.HTTPBasicAuth object at 0x00000253756EA9A0&gt;</msg>
<status status="PASS" starttime="20230421 17:35:33.054" endtime="20230421 17:35:33.057"/>
</kw>
<kw name="Create Dictionary" library="BuiltIn">
<var>${body}</var>
<arg>content=${content}</arg>
<doc>Creates and returns a dictionary based on the given ``items``.</doc>
<msg timestamp="20230421 17:35:33.058" level="INFO">${body} = {'content': 'This is edited content on a comment'}</msg>
<status status="PASS" starttime="20230421 17:35:33.057" endtime="20230421 17:35:33.058"/>
</kw>
<kw name="Make Request Post" library="wordpress.src.common_imports.CommonLibraries">
<var>${response}</var>
<arg>${endpoint}</arg>
<arg>id=${comment_id}</arg>
<arg>body=${body}</arg>
<arg>auth=${auth}</arg>
<doc>Makes a POST request to a API endpoint</doc>
<msg timestamp="20230421 17:35:33.059" level="INFO">Method: POST</msg>
<msg timestamp="20230421 17:35:33.059" level="INFO">URL: http://localhost/wp-json/wp/v2/comments/46</msg>
<msg timestamp="20230421 17:35:33.209" level="INFO">${response} = &lt;Response [200]&gt;</msg>
<status status="PASS" starttime="20230421 17:35:33.058" endtime="20230421 17:35:33.209"/>
</kw>
<kw name="Validate Response Status" library="wordpress.src.common_imports.CommonLibraries">
<arg>${response}</arg>
<arg>exp_status=200</arg>
<doc>Validates the status code of a request</doc>
<msg timestamp="20230421 17:35:33.210" level="INFO">Actual response is 200, expect: 200</msg>
<status status="PASS" starttime="20230421 17:35:33.209" endtime="20230421 17:35:33.210"/>
</kw>
<kw name="Get Format Response" library="wordpress.src.common_imports.CommonLibraries">
<var>${response_with_format}</var>
<arg>${response}</arg>
<arg>format_json</arg>
<doc>Instances the method with tha required format</doc>
<msg timestamp="20230421 17:35:33.212" level="INFO">${response_with_format} = {'id': 46, 'post': 909, 'parent': 0, 'author': 1, 'author_name': 'marie212', 'author_email': 'marieug.mc@gmail.com', 'author_url': 'http://localhost', 'author_ip': '172.19.0.1', 'author_user_agent': '...</msg>
<status status="PASS" starttime="20230421 17:35:33.210" endtime="20230421 17:35:33.212"/>
</kw>
<kw name="Log" library="BuiltIn">
<arg>${response_with_format}</arg>
<doc>Logs the given message with the given level.</doc>
<msg timestamp="20230421 17:35:33.213" level="INFO">{'id': 46, 'post': 909, 'parent': 0, 'author': 1, 'author_name': 'marie212', 'author_email': 'marieug.mc@gmail.com', 'author_url': 'http://localhost', 'author_ip': '172.19.0.1', 'author_user_agent': 'python-requests/2.28.2', 'date': '2023-04-21T21:35:32', 'date_gmt': '2023-04-21T21:35:32', 'content': {'rendered': '&lt;p&gt;This is edited content on a comment&lt;/p&gt;\n', 'raw': 'This is edited content on a comment'}, 'link': 'http://localhost/2023/04/21/post-to-test-comments/#comment-46', 'status': 'approved', 'type': 'comment', 'author_avatar_urls': {'24': 'http://0.gravatar.com/avatar/0a843ad6a3e77297fef863ded230fb93?s=24&amp;d=mm&amp;r=g', '48': 'http://0.gravatar.com/avatar/0a843ad6a3e77297fef863ded230fb93?s=48&amp;d=mm&amp;r=g', '96': 'http://0.gravatar.com/avatar/0a843ad6a3e77297fef863ded230fb93?s=96&amp;d=mm&amp;r=g'}, 'meta': [], '_links': {'self': [{'href': 'http://localhost/wp-json/wp/v2/comments/46'}], 'collection': [{'href': 'http://localhost/wp-json/wp/v2/comments'}], 'author': [{'embeddable': True, 'href': 'http://localhost/wp-json/wp/v2/users/1'}], 'up': [{'embeddable': True, 'post_type': 'post', 'href': 'http://localhost/wp-json/wp/v2/posts/909'}]}}</msg>
<status status="PASS" starttime="20230421 17:35:33.212" endtime="20230421 17:35:33.213"/>
</kw>
<status status="PASS" starttime="20230421 17:35:33.052" endtime="20230421 17:35:33.214"/>
</kw>
<kw name="Delete Comment" library="comments">
<arg>${comment_id}</arg>
<kw name="Get Credentials" library="get_credentials">
<var>${auth}</var>
<kw name="Get Basic Auth" library="wordpress.src.common_imports.CommonLibraries">
<var>${auth}</var>
<doc>Gets basic authentication using username and password</doc>
<msg timestamp="20230421 17:35:33.217" level="INFO">${auth} = &lt;requests.auth.HTTPBasicAuth object at 0x00000253756FCB50&gt;</msg>
<status status="PASS" starttime="20230421 17:35:33.216" endtime="20230421 17:35:33.217"/>
</kw>
<msg timestamp="20230421 17:35:33.218" level="INFO">${auth} = &lt;requests.auth.HTTPBasicAuth object at 0x00000253756FCB50&gt;</msg>
<status status="PASS" starttime="20230421 17:35:33.215" endtime="20230421 17:35:33.219"/>
</kw>
<kw name="Make Request Delete" library="wordpress.src.common_imports.CommonLibraries">
<var>${response}</var>
<arg>comments</arg>
<arg>id=${comment_id}</arg>
<arg>auth=${auth}</arg>
<doc>Makes a DELETE request to a API endpoint</doc>
<msg timestamp="20230421 17:35:33.220" level="INFO">Method: DELETE</msg>
<msg timestamp="20230421 17:35:33.220" level="INFO">URL: http://localhost/wp-json/wp/v2/comments/46</msg>
<msg timestamp="20230421 17:35:33.371" level="INFO">${response} = &lt;Response [200]&gt;</msg>
<status status="PASS" starttime="20230421 17:35:33.219" endtime="20230421 17:35:33.372"/>
</kw>
<kw name="Validate Response Status" library="wordpress.src.common_imports.CommonLibraries">
<arg>${response}</arg>
<arg>exp_status=200</arg>
<doc>Validates the status code of a request</doc>
<msg timestamp="20230421 17:35:33.373" level="INFO">Actual response is 200, expect: 200</msg>
<status status="PASS" starttime="20230421 17:35:33.372" endtime="20230421 17:35:33.373"/>
</kw>
<kw name="Get Format Response" library="wordpress.src.common_imports.CommonLibraries">
<var>${response_with_format}</var>
<arg>${response}</arg>
<arg>format_json</arg>
<doc>Instances the method with tha required format</doc>
<msg timestamp="20230421 17:35:33.374" level="INFO">${response_with_format} = {'id': 46, 'post': 909, 'parent': 0, 'author': 1, 'author_name': 'marie212', 'author_email': 'marieug.mc@gmail.com', 'author_url': 'http://localhost', 'author_ip': '172.19.0.1', 'author_user_agent': '...</msg>
<status status="PASS" starttime="20230421 17:35:33.373" endtime="20230421 17:35:33.375"/>
</kw>
<kw name="Log" library="BuiltIn">
<arg>${response_with_format}</arg>
<doc>Logs the given message with the given level.</doc>
<msg timestamp="20230421 17:35:33.376" level="INFO">{'id': 46, 'post': 909, 'parent': 0, 'author': 1, 'author_name': 'marie212', 'author_email': 'marieug.mc@gmail.com', 'author_url': 'http://localhost', 'author_ip': '172.19.0.1', 'author_user_agent': 'python-requests/2.28.2', 'date': '2023-04-21T21:35:32', 'date_gmt': '2023-04-21T21:35:32', 'content': {'rendered': '&lt;p&gt;This is edited content on a comment&lt;/p&gt;\n', 'raw': 'This is edited content on a comment'}, 'link': 'http://localhost/2023/04/21/post-to-test-comments/#comment-46', 'status': 'trash', 'type': 'comment', 'author_avatar_urls': {'24': 'http://0.gravatar.com/avatar/0a843ad6a3e77297fef863ded230fb93?s=24&amp;d=mm&amp;r=g', '48': 'http://0.gravatar.com/avatar/0a843ad6a3e77297fef863ded230fb93?s=48&amp;d=mm&amp;r=g', '96': 'http://0.gravatar.com/avatar/0a843ad6a3e77297fef863ded230fb93?s=96&amp;d=mm&amp;r=g'}, 'meta': [], '_links': {'self': [{'href': 'http://localhost/wp-json/wp/v2/comments/46'}], 'collection': [{'href': 'http://localhost/wp-json/wp/v2/comments'}], 'author': [{'embeddable': True, 'href': 'http://localhost/wp-json/wp/v2/users/1'}], 'up': [{'embeddable': True, 'post_type': 'post', 'href': 'http://localhost/wp-json/wp/v2/posts/909'}]}}</msg>
<status status="PASS" starttime="20230421 17:35:33.375" endtime="20230421 17:35:33.376"/>
</kw>
<status status="PASS" starttime="20230421 17:35:33.214" endtime="20230421 17:35:33.376"/>
</kw>
<status status="PASS" starttime="20230421 17:35:32.416" endtime="20230421 17:35:33.377"/>
</test>
<kw name="Deleted Post Created For The Comment" library="comments" type="TEARDOWN">
<kw name="Get Credentials" library="get_credentials">
<var>${auth}</var>
<kw name="Get Basic Auth" library="wordpress.src.common_imports.CommonLibraries">
<var>${auth}</var>
<doc>Gets basic authentication using username and password</doc>
<msg timestamp="20230421 17:35:33.382" level="INFO">${auth} = &lt;requests.auth.HTTPBasicAuth object at 0x00000253756EA280&gt;</msg>
<status status="PASS" starttime="20230421 17:35:33.381" endtime="20230421 17:35:33.382"/>
</kw>
<msg timestamp="20230421 17:35:33.383" level="INFO">${auth} = &lt;requests.auth.HTTPBasicAuth object at 0x00000253756EA280&gt;</msg>
<status status="PASS" starttime="20230421 17:35:33.381" endtime="20230421 17:35:33.383"/>
</kw>
<kw name="Make Request Delete" library="wordpress.src.common_imports.CommonLibraries">
<var>${response}</var>
<arg>posts</arg>
<arg>id=${post_id}</arg>
<arg>auth=${auth}</arg>
<doc>Makes a DELETE request to a API endpoint</doc>
<msg timestamp="20230421 17:35:33.385" level="INFO">Method: DELETE</msg>
<msg timestamp="20230421 17:35:33.385" level="INFO">URL: http://localhost/wp-json/wp/v2/posts/909</msg>
<msg timestamp="20230421 17:35:33.694" level="INFO">${response} = &lt;Response [200]&gt;</msg>
<status status="PASS" starttime="20230421 17:35:33.383" endtime="20230421 17:35:33.694"/>
</kw>
<kw name="Validate Response Status" library="wordpress.src.common_imports.CommonLibraries">
<arg>${response}</arg>
<arg>exp_status=200</arg>
<doc>Validates the status code of a request</doc>
<msg timestamp="20230421 17:35:33.696" level="INFO">Actual response is 200, expect: 200</msg>
<status status="PASS" starttime="20230421 17:35:33.695" endtime="20230421 17:35:33.696"/>
</kw>
<kw name="Get Format Response" library="wordpress.src.common_imports.CommonLibraries">
<var>${response_with_format}</var>
<arg>${response}</arg>
<arg>format_json</arg>
<doc>Instances the method with tha required format</doc>
<msg timestamp="20230421 17:35:33.697" level="INFO">${response_with_format} = {'id': 909, 'date': '2023-04-21T21:35:32', 'date_gmt': '2023-04-21T21:35:32', 'guid': {'rendered': 'http://localhost/2023/04/21/post-to-test-comments/', 'raw': 'http://localhost/2023/04/21/post-to-tes...</msg>
<status status="PASS" starttime="20230421 17:35:33.696" endtime="20230421 17:35:33.698"/>
</kw>
<kw name="Log" library="BuiltIn">
<arg>${response_with_format}</arg>
<doc>Logs the given message with the given level.</doc>
<msg timestamp="20230421 17:35:33.699" level="INFO">{'id': 909, 'date': '2023-04-21T21:35:32', 'date_gmt': '2023-04-21T21:35:32', 'guid': {'rendered': 'http://localhost/2023/04/21/post-to-test-comments/', 'raw': 'http://localhost/2023/04/21/post-to-test-comments/'}, 'modified': '2023-04-21T21:35:33', 'modified_gmt': '2023-04-21T21:35:33', 'password': '', 'slug': 'post-to-test-comments__trashed-7', 'status': 'trash', 'type': 'post', 'link': 'http://localhost/?p=909', 'title': {'raw': 'Post to test comments', 'rendered': 'Post to test comments'}, 'content': {'raw': '', 'rendered': '', 'protected': False, 'block_version': 0}, 'excerpt': {'raw': '', 'rendered': '', 'protected': False}, 'author': 1, 'featured_media': 0, 'comment_status': 'open', 'ping_status': 'open', 'sticky': False, 'template': '', 'format': 'standard', 'meta': [], 'categories': [1], 'tags': [], 'permalink_template': 'http://localhost/?p=909', 'generated_slug': 'post-to-test-comments', '_links': {'self': [{'href': 'http://localhost/wp-json/wp/v2/posts/909'}], 'collection': [{'href': 'http://localhost/wp-json/wp/v2/posts'}], 'about': [{'href': 'http://localhost/wp-json/wp/v2/types/post'}], 'author': [{'embeddable': True, 'href': 'http://localhost/wp-json/wp/v2/users/1'}], 'replies': [{'embeddable': True, 'href': 'http://localhost/wp-json/wp/v2/comments?post=909'}], 'version-history': [{'count': 1, 'href': 'http://localhost/wp-json/wp/v2/posts/909/revisions'}], 'predecessor-version': [{'id': 910, 'href': 'http://localhost/wp-json/wp/v2/posts/909/revisions/910'}], 'wp:attachment': [{'href': 'http://localhost/wp-json/wp/v2/media?parent=909'}], 'wp:term': [{'taxonomy': 'category', 'embeddable': True, 'href': 'http://localhost/wp-json/wp/v2/categories?post=909'}, {'taxonomy': 'post_tag', 'embeddable': True, 'href': 'http://localhost/wp-json/wp/v2/tags?post=909'}], 'wp:action-publish': [{'href': 'http://localhost/wp-json/wp/v2/posts/909'}], 'wp:action-unfiltered-html': [{'href': 'http://localhost/wp-json/wp/v2/posts/909'}], 'wp:action-sticky': [{'href': 'http://localhost/wp-json/wp/v2/posts/909'}], 'wp:action-assign-author': [{'href': 'http://localhost/wp-json/wp/v2/posts/909'}], 'wp:action-create-categories': [{'href': 'http://localhost/wp-json/wp/v2/posts/909'}], 'wp:action-assign-categories': [{'href': 'http://localhost/wp-json/wp/v2/posts/909'}], 'wp:action-create-tags': [{'href': 'http://localhost/wp-json/wp/v2/posts/909'}], 'wp:action-assign-tags': [{'href': 'http://localhost/wp-json/wp/v2/posts/909'}], 'curies': [{'name': 'wp', 'href': 'https://api.w.org/{rel}', 'templated': True}]}}</msg>
<status status="PASS" starttime="20230421 17:35:33.698" endtime="20230421 17:35:33.699"/>
</kw>
<status status="PASS" starttime="20230421 17:35:33.380" endtime="20230421 17:35:33.699"/>
</kw>
<doc>Tests to verify that a comment can be created successfully
and the API returns status code 201 whenever a comment is
generated.</doc>
<status status="PASS" starttime="20230421 17:35:32.242" endtime="20230421 17:35:33.699"/>
</suite>
<status status="PASS" starttime="20230421 17:35:32.235" endtime="20230421 17:35:33.705"/>
</suite>
<suite id="s1-s1-s3" name="Pages" source="D:\worpressTeamA\API_testing_A\wordpress\tests\crud\pages">
<suite id="s1-s1-s3-s1" name="Pages Crud" source="D:\worpressTeamA\API_testing_A\wordpress\tests\crud\pages\pages_crud.robot">
<test id="s1-s1-s3-s1-t1" name="Verify Pages Can Be Listed" line="5">
<kw name="List Pages" library="pages">
<kw name="Get Basic Auth" library="wordpress.src.common_imports.CommonLibraries">
<var>${auth}</var>
<doc>Gets basic authentication using username and password</doc>
<msg timestamp="20230421 17:35:33.751" level="INFO">${auth} = &lt;requests.auth.HTTPBasicAuth object at 0x00000253757052E0&gt;</msg>
<status status="PASS" starttime="20230421 17:35:33.750" endtime="20230421 17:35:33.751"/>
</kw>
<kw name="Make Request Get" library="wordpress.src.common_imports.CommonLibraries">
<var>${response}</var>
<arg>${endpoint}</arg>
<arg>auth=${auth}</arg>
<doc>Makes a GET request to a API endpoint</doc>
<msg timestamp="20230421 17:35:33.754" level="INFO">Method: GET</msg>
<msg timestamp="20230421 17:35:33.754" level="INFO">URL: http://localhost/wp-json/wp/v2/pages/</msg>
<msg timestamp="20230421 17:35:33.923" level="INFO">${response} = &lt;Response [200]&gt;</msg>
<status status="PASS" starttime="20230421 17:35:33.751" endtime="20230421 17:35:33.924"/>
</kw>
<kw name="Get Format Response" library="wordpress.src.common_imports.CommonLibraries">
<var>${actual_result}</var>
<arg>${response}</arg>
<doc>Instances the method with tha required format</doc>
<msg timestamp="20230421 17:35:33.926" level="INFO">${actual_result} = [{'id': 2, 'date': '2023-04-03T01:33:19', 'date_gmt': '2023-04-03T01:33:19', 'guid': {'rendered': 'http://localhost/?page_id=2'}, 'modified': '2023-04-03T01:33:19', 'modified_gmt': '2023-04-03T01:33:1...</msg>
<status status="PASS" starttime="20230421 17:35:33.925" endtime="20230421 17:35:33.926"/>
</kw>
<kw name="Validate Response Status" library="wordpress.src.common_imports.CommonLibraries">
<arg>${response}</arg>
<doc>Validates the status code of a request</doc>
<msg timestamp="20230421 17:35:33.927" level="INFO">Actual response is 200, expect: 200</msg>
<status status="PASS" starttime="20230421 17:35:33.926" endtime="20230421 17:35:33.927"/>
</kw>
<kw name="Set Test Variable" library="BuiltIn">
<arg>${actual_result}</arg>
<doc>Makes a variable available everywhere within the scope of the current test.</doc>
<msg timestamp="20230421 17:35:33.928" level="INFO">${actual_result} = [{'id': 2, 'date': '2023-04-03T01:33:19', 'date_gmt': '2023-04-03T01:33:19', 'guid': {'rendered': 'http://localhost/?page_id=2'}, 'modified': '2023-04-03T01:33:19', 'modified_gmt': '2023-04-03T01:33:1...</msg>
<status status="PASS" starttime="20230421 17:35:33.927" endtime="20230421 17:35:33.929"/>
</kw>
<status status="PASS" starttime="20230421 17:35:33.749" endtime="20230421 17:35:33.929"/>
</kw>
<status status="PASS" starttime="20230421 17:35:33.748" endtime="20230421 17:35:33.930"/>
</test>
<test id="s1-s1-s3-s1-t2" name="Verify Page Can Be Created" line="8">
<kw name="Create Page With Desired Status" library="pages">
<arg>draft</arg>
<kw name="Get Basic Auth" library="wordpress.src.common_imports.CommonLibraries">
<var>${auth}</var>
<doc>Gets basic authentication using username and password</doc>
<msg timestamp="20230421 17:35:33.935" level="INFO">${auth} = &lt;requests.auth.HTTPBasicAuth object at 0x00000253757075B0&gt;</msg>
<status status="PASS" starttime="20230421 17:35:33.935" endtime="20230421 17:35:33.936"/>
</kw>
<kw name="Create Dictionary" library="BuiltIn">
<var>${body}</var>
<arg>title=new page 1</arg>
<arg>content=it is the new page</arg>
<arg>status=${status}</arg>
<doc>Creates and returns a dictionary based on the given ``items``.</doc>
<msg timestamp="20230421 17:35:33.937" level="INFO">${body} = {'title': 'new page 1', 'content': 'it is the new page', 'status': 'draft'}</msg>
<status status="PASS" starttime="20230421 17:35:33.936" endtime="20230421 17:35:33.937"/>
</kw>
<kw name="Make Request Post" library="wordpress.src.common_imports.CommonLibraries">
<var>${response}</var>
<arg>${endpoint}</arg>
<arg>body=${body}</arg>
<arg>auth=${auth}</arg>
<doc>Makes a POST request to a API endpoint</doc>
<msg timestamp="20230421 17:35:33.939" level="INFO">Method: POST</msg>
<msg timestamp="20230421 17:35:33.939" level="INFO">URL: http://localhost/wp-json/wp/v2/pages/</msg>
<msg timestamp="20230421 17:35:34.125" level="INFO">${response} = &lt;Response [201]&gt;</msg>
<status status="PASS" starttime="20230421 17:35:33.937" endtime="20230421 17:35:34.125"/>
</kw>
<kw name="Get Format Response" library="wordpress.src.common_imports.CommonLibraries">
<var>${expected_result}</var>
<arg>${response}</arg>
<doc>Instances the method with tha required format</doc>
<msg timestamp="20230421 17:35:34.127" level="INFO">${expected_result} = {'id': 911, 'date': '2023-04-21T21:35:34', 'date_gmt': '2023-04-21T21:35:34', 'guid': {'rendered': 'http://localhost/?page_id=911', 'raw': 'http://localhost/?page_id=911'}, 'modified': '2023-04-21T21:...</msg>
<status status="PASS" starttime="20230421 17:35:34.126" endtime="20230421 17:35:34.127"/>
</kw>
<kw name="Get Dictionary Value" library="wordpress.src.common_imports.CommonLibraries">
<var>${id_page}</var>
<arg>id</arg>
<arg>${expected_result}</arg>
<doc>Gets a value from a dictionary</doc>
<msg timestamp="20230421 17:35:34.128" level="INFO">${id_page} = 911</msg>
<status status="PASS" starttime="20230421 17:35:34.128" endtime="20230421 17:35:34.128"/>
</kw>
<kw name="Validate Response Status" library="wordpress.src.common_imports.CommonLibraries">
<arg>${response}</arg>
<arg>exp_status=201</arg>
<doc>Validates the status code of a request</doc>
<msg timestamp="20230421 17:35:34.130" level="INFO">Actual response is 201, expect: 201</msg>
<status status="PASS" starttime="20230421 17:35:34.129" endtime="20230421 17:35:34.130"/>
</kw>
<kw name="Set Test Variable" library="BuiltIn">
<arg>${expected_result}</arg>
<doc>Makes a variable available everywhere within the scope of the current test.</doc>
<msg timestamp="20230421 17:35:34.132" level="INFO">${expected_result} = {'id': 911, 'date': '2023-04-21T21:35:34', 'date_gmt': '2023-04-21T21:35:34', 'guid': {'rendered': 'http://localhost/?page_id=911', 'raw': 'http://localhost/?page_id=911'}, 'modified': '2023-04-21T21:...</msg>
<status status="PASS" starttime="20230421 17:35:34.131" endtime="20230421 17:35:34.132"/>
</kw>
<kw name="Set Suite Variable" library="BuiltIn">
<arg>${id_page}</arg>
<doc>Makes a variable available everywhere within the scope of the current suite.</doc>
<msg timestamp="20230421 17:35:34.133" level="INFO">${id_page} = 911</msg>
<status status="PASS" starttime="20230421 17:35:34.132" endtime="20230421 17:35:34.133"/>
</kw>
<kw name="Log" library="BuiltIn">
<arg>${id_page}</arg>
<doc>Logs the given message with the given level.</doc>
<msg timestamp="20230421 17:35:34.134" level="INFO">911</msg>
<status status="PASS" starttime="20230421 17:35:34.133" endtime="20230421 17:35:34.134"/>
</kw>
<status status="PASS" starttime="20230421 17:35:33.934" endtime="20230421 17:35:34.135"/>
</kw>
<kw name="Verify The Page Was Created" library="pages">
<kw name="Verify Page" library="pages">
<kw name="Get Basic Auth" library="wordpress.src.common_imports.CommonLibraries">
<var>${auth}</var>
<doc>Gets basic authentication using username and password</doc>
<msg timestamp="20230421 17:35:34.138" level="INFO">${auth} = &lt;requests.auth.HTTPBasicAuth object at 0x00000253756C07C0&gt;</msg>
<status status="PASS" starttime="20230421 17:35:34.137" endtime="20230421 17:35:34.138"/>
</kw>
<kw name="Make Request Get" library="wordpress.src.common_imports.CommonLibraries">
<var>${response}</var>
<arg>${endpoint}</arg>
<arg>id=${id_page}</arg>
<arg>auth=${auth}</arg>
<doc>Makes a GET request to a API endpoint</doc>
<msg timestamp="20230421 17:35:34.140" level="INFO">Method: GET</msg>
<msg timestamp="20230421 17:35:34.140" level="INFO">URL: http://localhost/wp-json/wp/v2/pages/911</msg>
<msg timestamp="20230421 17:35:34.315" level="INFO">${response} = &lt;Response [200]&gt;</msg>
<status status="PASS" starttime="20230421 17:35:34.138" endtime="20230421 17:35:34.316"/>
</kw>
<kw name="Get Format Response" library="wordpress.src.common_imports.CommonLibraries">
<var>${actual_result}</var>
<arg>${response}</arg>
<doc>Instances the method with tha required format</doc>
<msg timestamp="20230421 17:35:34.320" level="INFO">${actual_result} = {'id': 911, 'date': '2023-04-21T21:35:34', 'date_gmt': '2023-04-21T21:35:34', 'guid': {'rendered': 'http://localhost/?page_id=911'}, 'modified': '2023-04-21T21:35:34', 'modified_gmt': '2023-04-21T21:3...</msg>
<status status="PASS" starttime="20230421 17:35:34.317" endtime="20230421 17:35:34.320"/>
</kw>
<kw name="Validate Response Status" library="wordpress.src.common_imports.CommonLibraries">
<arg>${response}</arg>
<doc>Validates the status code of a request</doc>
<msg timestamp="20230421 17:35:34.322" level="INFO">Actual response is 200, expect: 200</msg>
<status status="PASS" starttime="20230421 17:35:34.321" endtime="20230421 17:35:34.322"/>
</kw>
<kw name="Log" library="BuiltIn">
<arg>${expected_result}</arg>
<doc>Logs the given message with the given level.</doc>
<msg timestamp="20230421 17:35:34.323" level="INFO">{'id': 911, 'date': '2023-04-21T21:35:34', 'date_gmt': '2023-04-21T21:35:34', 'guid': {'rendered': 'http://localhost/?page_id=911', 'raw': 'http://localhost/?page_id=911'}, 'modified': '2023-04-21T21:35:34', 'modified_gmt': '2023-04-21T21:35:34', 'password': '', 'slug': '', 'status': 'draft', 'type': 'page', 'link': 'http://localhost/?page_id=911', 'title': {'raw': 'new page 1', 'rendered': 'new page 1'}, 'content': {'raw': 'it is the new page', 'rendered': '&lt;p&gt;it is the new page&lt;/p&gt;\n', 'protected': False, 'block_version': 0}, 'excerpt': {'raw': '', 'rendered': '&lt;p&gt;it is the new page&lt;/p&gt;\n', 'protected': False}, 'author': 1, 'featured_media': 0, 'parent': 0, 'menu_order': 0, 'comment_status': 'closed', 'ping_status': 'closed', 'template': '', 'meta': [], 'permalink_template': 'http://localhost/%pagename%/', 'generated_slug': 'new-page-1', '_links': {'self': [{'href': 'http://localhost/wp-json/wp/v2/pages/911'}], 'collection': [{'href': 'http://localhost/wp-json/wp/v2/pages'}], 'about': [{'href': 'http://localhost/wp-json/wp/v2/types/page'}], 'author': [{'embeddable': True, 'href': 'http://localhost/wp-json/wp/v2/users/1'}], 'replies': [{'embeddable': True, 'href': 'http://localhost/wp-json/wp/v2/comments?post=911'}], 'version-history': [{'count': 0, 'href': 'http://localhost/wp-json/wp/v2/pages/911/revisions'}], 'wp:attachment': [{'href': 'http://localhost/wp-json/wp/v2/media?parent=911'}], 'wp:action-publish': [{'href': 'http://localhost/wp-json/wp/v2/pages/911'}], 'wp:action-unfiltered-html': [{'href': 'http://localhost/wp-json/wp/v2/pages/911'}], 'wp:action-assign-author': [{'href': 'http://localhost/wp-json/wp/v2/pages/911'}], 'curies': [{'name': 'wp', 'href': 'https://api.w.org/{rel}', 'templated': True}]}}</msg>
<status status="PASS" starttime="20230421 17:35:34.322" endtime="20230421 17:35:34.323"/>
</kw>
<kw name="Log" library="BuiltIn">
<arg>${actual_result}</arg>
<doc>Logs the given message with the given level.</doc>
<msg timestamp="20230421 17:35:34.324" level="INFO">{'id': 911, 'date': '2023-04-21T21:35:34', 'date_gmt': '2023-04-21T21:35:34', 'guid': {'rendered': 'http://localhost/?page_id=911'}, 'modified': '2023-04-21T21:35:34', 'modified_gmt': '2023-04-21T21:35:34', 'slug': '', 'status': 'draft', 'type': 'page', 'link': 'http://localhost/?page_id=911', 'title': {'rendered': 'new page 1'}, 'content': {'rendered': '&lt;p&gt;it is the new page&lt;/p&gt;\n', 'protected': False}, 'excerpt': {'rendered': '&lt;p&gt;it is the new page&lt;/p&gt;\n', 'protected': False}, 'author': 1, 'featured_media': 0, 'parent': 0, 'menu_order': 0, 'comment_status': 'closed', 'ping_status': 'closed', 'template': '', 'meta': [], '_links': {'self': [{'href': 'http://localhost/wp-json/wp/v2/pages/911'}], 'collection': [{'href': 'http://localhost/wp-json/wp/v2/pages'}], 'about': [{'href': 'http://localhost/wp-json/wp/v2/types/page'}], 'author': [{'embeddable': True, 'href': 'http://localhost/wp-json/wp/v2/users/1'}], 'replies': [{'embeddable': True, 'href': 'http://localhost/wp-json/wp/v2/comments?post=911'}], 'version-history': [{'count': 0, 'href': 'http://localhost/wp-json/wp/v2/pages/911/revisions'}], 'wp:attachment': [{'href': 'http://localhost/wp-json/wp/v2/media?parent=911'}], 'curies': [{'name': 'wp', 'href': 'https://api.w.org/{rel}', 'templated': True}]}}</msg>
<status status="PASS" starttime="20230421 17:35:34.323" endtime="20230421 17:35:34.324"/>
</kw>
<kw name="Verify Actual Equal Expected" library="wordpress.src.verifications.users.users_verifications.UsersVerification">
<arg>${expected_result}</arg>
<arg>${actual_result}</arg>
<arg>${ignore}</arg>
<doc>Verify that expected and actual results are equal</doc>
<msg timestamp="20230421 17:35:34.326" level="INFO">Actual result: {'id': 911, 'date': '2023-04-21T21:35:34', 'date_gmt': '2023-04-21T21:35:34', 'guid': {'rendered': 'http://localhost/?page_id=911', 'raw': 'http://localhost/?page_id=911'}, 'modified': '2023-04-21T21:35:34', 'modified_gmt': '2023-04-21T21:35:34', 'password': '', 'slug': '', 'status': 'draft', 'type': 'page', 'link': 'http://localhost/?page_id=911', 'title': {'raw': 'new page 1', 'rendered': 'new page 1'}, 'content': {'raw': 'it is the new page', 'rendered': '&lt;p&gt;it is the new page&lt;/p&gt;\n', 'protected': False, 'block_version': 0}, 'excerpt': {'raw': '', 'rendered': '&lt;p&gt;it is the new page&lt;/p&gt;\n', 'protected': False}, 'author': 1, 'featured_media': 0, 'parent': 0, 'menu_order': 0, 'comment_status': 'closed', 'ping_status': 'closed', 'template': '', 'meta': [], 'permalink_template': 'http://localhost/%pagename%/', 'generated_slug': 'new-page-1', '_links': {'self': [{'href': 'http://localhost/wp-json/wp/v2/pages/911'}], 'collection': [{'href': 'http://localhost/wp-json/wp/v2/pages'}], 'about': [{'href': 'http://localhost/wp-json/wp/v2/types/page'}], 'author': [{'embeddable': True, 'href': 'http://localhost/wp-json/wp/v2/users/1'}], 'replies': [{'embeddable': True, 'href': 'http://localhost/wp-json/wp/v2/comments?post=911'}], 'version-history': [{'count': 0, 'href': 'http://localhost/wp-json/wp/v2/pages/911/revisions'}], 'wp:attachment': [{'href': 'http://localhost/wp-json/wp/v2/media?parent=911'}], 'wp:action-publish': [{'href': 'http://localhost/wp-json/wp/v2/pages/911'}], 'wp:action-unfiltered-html': [{'href': 'http://localhost/wp-json/wp/v2/pages/911'}], 'wp:action-assign-author': [{'href': 'http://localhost/wp-json/wp/v2/pages/911'}], 'curies': [{'name': 'wp', 'href': 'https://api.w.org/{rel}', 'templated': True}]}}</msg>
<msg timestamp="20230421 17:35:34.326" level="INFO">Expected result: {'id': 911, 'date': '2023-04-21T21:35:34', 'date_gmt': '2023-04-21T21:35:34', 'guid': {'rendered': 'http://localhost/?page_id=911'}, 'modified': '2023-04-21T21:35:34', 'modified_gmt': '2023-04-21T21:35:34', 'slug': '', 'status': 'draft', 'type': 'page', 'link': 'http://localhost/?page_id=911', 'title': {'rendered': 'new page 1'}, 'content': {'rendered': '&lt;p&gt;it is the new page&lt;/p&gt;\n', 'protected': False}, 'excerpt': {'rendered': '&lt;p&gt;it is the new page&lt;/p&gt;\n', 'protected': False}, 'author': 1, 'featured_media': 0, 'parent': 0, 'menu_order': 0, 'comment_status': 'closed', 'ping_status': 'closed', 'template': '', 'meta': [], '_links': {'self': [{'href': 'http://localhost/wp-json/wp/v2/pages/911'}], 'collection': [{'href': 'http://localhost/wp-json/wp/v2/pages'}], 'about': [{'href': 'http://localhost/wp-json/wp/v2/types/page'}], 'author': [{'embeddable': True, 'href': 'http://localhost/wp-json/wp/v2/users/1'}], 'replies': [{'embeddable': True, 'href': 'http://localhost/wp-json/wp/v2/comments?post=911'}], 'version-history': [{'count': 0, 'href': 'http://localhost/wp-json/wp/v2/pages/911/revisions'}], 'wp:attachment': [{'href': 'http://localhost/wp-json/wp/v2/media?parent=911'}], 'curies': [{'name': 'wp', 'href': 'https://api.w.org/{rel}', 'templated': True}]}}</msg>
<msg timestamp="20230421 17:35:34.327" level="INFO">Are ignored: ['permalink_template', '_links', 'generated_slug', 'password', ('title', 'raw'), ('content', 'raw'), ('content', 'block_version'), ('excerpt', 'raw'), ('guid', 'raw')]</msg>
<status status="PASS" starttime="20230421 17:35:34.325" endtime="20230421 17:35:34.328"/>
</kw>
<status status="PASS" starttime="20230421 17:35:34.136" endtime="20230421 17:35:34.328"/>
</kw>
<status status="PASS" starttime="20230421 17:35:34.135" endtime="20230421 17:35:34.328"/>
</kw>
<status status="PASS" starttime="20230421 17:35:33.933" endtime="20230421 17:35:34.333"/>
</test>
<test id="s1-s1-s3-s1-t3" name="Verify Page Can Be Updated" line="12">
<kw name="Update Page To Other Status" library="pages">
<arg>publish</arg>
<kw name="Get Basic Auth" library="wordpress.src.common_imports.CommonLibraries">
<var>${auth}</var>
<doc>Gets basic authentication using username and password</doc>
<msg timestamp="20230421 17:35:34.384" level="INFO">${auth} = &lt;requests.auth.HTTPBasicAuth object at 0x000002537570E190&gt;</msg>
<status status="PASS" starttime="20230421 17:35:34.383" endtime="20230421 17:35:34.384"/>
</kw>
<kw name="Create Dictionary" library="BuiltIn">
<var>${body}</var>
<arg>title=title changed</arg>
<arg>content=content changed</arg>
<arg>status=${status}</arg>
<doc>Creates and returns a dictionary based on the given ``items``.</doc>
<msg timestamp="20230421 17:35:34.386" level="INFO">${body} = {'title': 'title changed', 'content': 'content changed', 'status': 'publish'}</msg>
<status status="PASS" starttime="20230421 17:35:34.384" endtime="20230421 17:35:34.386"/>
</kw>
<kw name="Make Request Put" library="wordpress.src.common_imports.CommonLibraries">
<var>${response}</var>
<arg>${endpoint}</arg>
<arg>body=${body}</arg>
<arg>id=${id_page}</arg>
<arg>auth=${auth}</arg>
<doc>Makes a PUT request to a API endpoint</doc>
<msg timestamp="20230421 17:35:34.389" level="INFO">Method: PUT</msg>
<msg timestamp="20230421 17:35:34.389" level="INFO">URL: http://localhost/wp-json/wp/v2/pages/911</msg>
<msg timestamp="20230421 17:35:34.717" level="INFO">${response} = &lt;Response [200]&gt;</msg>
<status status="PASS" starttime="20230421 17:35:34.387" endtime="20230421 17:35:34.718"/>
</kw>
<kw name="Get Format Response" library="wordpress.src.common_imports.CommonLibraries">
<var>${expected_result}</var>
<arg>${response}</arg>
<doc>Instances the method with tha required format</doc>
<msg timestamp="20230421 17:35:34.721" level="INFO">${expected_result} = {'id': 911, 'date': '2023-04-21T21:35:34', 'date_gmt': '2023-04-21T21:35:34', 'guid': {'rendered': 'http://localhost/?page_id=911', 'raw': 'http://localhost/?page_id=911'}, 'modified': '2023-04-21T21:...</msg>
<status status="PASS" starttime="20230421 17:35:34.719" endtime="20230421 17:35:34.721"/>
</kw>
<kw name="Validate Response Status" library="wordpress.src.common_imports.CommonLibraries">
<arg>${response}</arg>
<doc>Validates the status code of a request</doc>
<msg timestamp="20230421 17:35:34.722" level="INFO">Actual response is 200, expect: 200</msg>
<status status="PASS" starttime="20230421 17:35:34.721" endtime="20230421 17:35:34.722"/>
</kw>
<kw name="Set Test Variable" library="BuiltIn">
<arg>${expected_result}</arg>
<doc>Makes a variable available everywhere within the scope of the current test.</doc>
<msg timestamp="20230421 17:35:34.723" level="INFO">${expected_result} = {'id': 911, 'date': '2023-04-21T21:35:34', 'date_gmt': '2023-04-21T21:35:34', 'guid': {'rendered': 'http://localhost/?page_id=911', 'raw': 'http://localhost/?page_id=911'}, 'modified': '2023-04-21T21:...</msg>
<status status="PASS" starttime="20230421 17:35:34.722" endtime="20230421 17:35:34.724"/>
</kw>
<status status="PASS" starttime="20230421 17:35:34.381" endtime="20230421 17:35:34.724"/>
</kw>
<kw name="Verify The Page Changes The Status" library="pages">
<kw name="Verify Page" library="pages">
<kw name="Get Basic Auth" library="wordpress.src.common_imports.CommonLibraries">
<var>${auth}</var>
<doc>Gets basic authentication using username and password</doc>
<msg timestamp="20230421 17:35:34.726" level="INFO">${auth} = &lt;requests.auth.HTTPBasicAuth object at 0x00000253757058E0&gt;</msg>
<status status="PASS" starttime="20230421 17:35:34.726" endtime="20230421 17:35:34.727"/>
</kw>
<kw name="Make Request Get" library="wordpress.src.common_imports.CommonLibraries">
<var>${response}</var>
<arg>${endpoint}</arg>
<arg>id=${id_page}</arg>
<arg>auth=${auth}</arg>
<doc>Makes a GET request to a API endpoint</doc>
<msg timestamp="20230421 17:35:34.727" level="INFO">Method: GET</msg>
<msg timestamp="20230421 17:35:34.727" level="INFO">URL: http://localhost/wp-json/wp/v2/pages/911</msg>
<msg timestamp="20230421 17:35:34.801" level="INFO">${response} = &lt;Response [200]&gt;</msg>
<status status="PASS" starttime="20230421 17:35:34.727" endtime="20230421 17:35:34.804"/>
</kw>
<kw name="Get Format Response" library="wordpress.src.common_imports.CommonLibraries">
<var>${actual_result}</var>
<arg>${response}</arg>
<doc>Instances the method with tha required format</doc>
<msg timestamp="20230421 17:35:34.806" level="INFO">${actual_result} = {'id': 911, 'date': '2023-04-21T21:35:34', 'date_gmt': '2023-04-21T21:35:34', 'guid': {'rendered': 'http://localhost/?page_id=911'}, 'modified': '2023-04-21T21:35:34', 'modified_gmt': '2023-04-21T21:3...</msg>
<status status="PASS" starttime="20230421 17:35:34.805" endtime="20230421 17:35:34.807"/>
</kw>
<kw name="Validate Response Status" library="wordpress.src.common_imports.CommonLibraries">
<arg>${response}</arg>
<doc>Validates the status code of a request</doc>
<msg timestamp="20230421 17:35:34.808" level="INFO">Actual response is 200, expect: 200</msg>
<status status="PASS" starttime="20230421 17:35:34.807" endtime="20230421 17:35:34.808"/>
</kw>
<kw name="Log" library="BuiltIn">
<arg>${expected_result}</arg>
<doc>Logs the given message with the given level.</doc>
<msg timestamp="20230421 17:35:34.808" level="INFO">{'id': 911, 'date': '2023-04-21T21:35:34', 'date_gmt': '2023-04-21T21:35:34', 'guid': {'rendered': 'http://localhost/?page_id=911', 'raw': 'http://localhost/?page_id=911'}, 'modified': '2023-04-21T21:35:34', 'modified_gmt': '2023-04-21T21:35:34', 'password': '', 'slug': 'title-changed', 'status': 'publish', 'type': 'page', 'link': 'http://localhost/title-changed/', 'title': {'raw': 'title changed', 'rendered': 'title changed'}, 'content': {'raw': 'content changed', 'rendered': '&lt;p&gt;content changed&lt;/p&gt;\n', 'protected': False, 'block_version': 0}, 'excerpt': {'raw': '', 'rendered': '&lt;p&gt;content changed&lt;/p&gt;\n', 'protected': False}, 'author': 1, 'featured_media': 0, 'parent': 0, 'menu_order': 0, 'comment_status': 'closed', 'ping_status': 'closed', 'template': '', 'meta': [], 'permalink_template': 'http://localhost/%pagename%/', 'generated_slug': 'title-changed', '_links': {'self': [{'href': 'http://localhost/wp-json/wp/v2/pages/911'}], 'collection': [{'href': 'http://localhost/wp-json/wp/v2/pages'}], 'about': [{'href': 'http://localhost/wp-json/wp/v2/types/page'}], 'author': [{'embeddable': True, 'href': 'http://localhost/wp-json/wp/v2/users/1'}], 'replies': [{'embeddable': True, 'href': 'http://localhost/wp-json/wp/v2/comments?post=911'}], 'version-history': [{'count': 1, 'href': 'http://localhost/wp-json/wp/v2/pages/911/revisions'}], 'predecessor-version': [{'id': 912, 'href': 'http://localhost/wp-json/wp/v2/pages/911/revisions/912'}], 'wp:attachment': [{'href': 'http://localhost/wp-json/wp/v2/media?parent=911'}], 'wp:action-publish': [{'href': 'http://localhost/wp-json/wp/v2/pages/911'}], 'wp:action-unfiltered-html': [{'href': 'http://localhost/wp-json/wp/v2/pages/911'}], 'wp:action-assign-author': [{'href': 'http://localhost/wp-json/wp/v2/pages/911'}], 'curies': [{'name': 'wp', 'href': 'https://api.w.org/{rel}', 'templated': True}]}}</msg>
<status status="PASS" starttime="20230421 17:35:34.808" endtime="20230421 17:35:34.809"/>
</kw>
<kw name="Log" library="BuiltIn">
<arg>${actual_result}</arg>
<doc>Logs the given message with the given level.</doc>
<msg timestamp="20230421 17:35:34.809" level="INFO">{'id': 911, 'date': '2023-04-21T21:35:34', 'date_gmt': '2023-04-21T21:35:34', 'guid': {'rendered': 'http://localhost/?page_id=911'}, 'modified': '2023-04-21T21:35:34', 'modified_gmt': '2023-04-21T21:35:34', 'slug': 'title-changed', 'status': 'publish', 'type': 'page', 'link': 'http://localhost/title-changed/', 'title': {'rendered': 'title changed'}, 'content': {'rendered': '&lt;p&gt;content changed&lt;/p&gt;\n', 'protected': False}, 'excerpt': {'rendered': '&lt;p&gt;content changed&lt;/p&gt;\n', 'protected': False}, 'author': 1, 'featured_media': 0, 'parent': 0, 'menu_order': 0, 'comment_status': 'closed', 'ping_status': 'closed', 'template': '', 'meta': [], '_links': {'self': [{'href': 'http://localhost/wp-json/wp/v2/pages/911'}], 'collection': [{'href': 'http://localhost/wp-json/wp/v2/pages'}], 'about': [{'href': 'http://localhost/wp-json/wp/v2/types/page'}], 'author': [{'embeddable': True, 'href': 'http://localhost/wp-json/wp/v2/users/1'}], 'replies': [{'embeddable': True, 'href': 'http://localhost/wp-json/wp/v2/comments?post=911'}], 'version-history': [{'count': 1, 'href': 'http://localhost/wp-json/wp/v2/pages/911/revisions'}], 'predecessor-version': [{'id': 912, 'href': 'http://localhost/wp-json/wp/v2/pages/911/revisions/912'}], 'wp:attachment': [{'href': 'http://localhost/wp-json/wp/v2/media?parent=911'}], 'curies': [{'name': 'wp', 'href': 'https://api.w.org/{rel}', 'templated': True}]}}</msg>
<status status="PASS" starttime="20230421 17:35:34.809" endtime="20230421 17:35:34.809"/>
</kw>
<kw name="Verify Actual Equal Expected" library="wordpress.src.verifications.users.users_verifications.UsersVerification">
<arg>${expected_result}</arg>
<arg>${actual_result}</arg>
<arg>${ignore}</arg>
<doc>Verify that expected and actual results are equal</doc>
<msg timestamp="20230421 17:35:34.810" level="INFO">Actual result: {'id': 911, 'date': '2023-04-21T21:35:34', 'date_gmt': '2023-04-21T21:35:34', 'guid': {'rendered': 'http://localhost/?page_id=911', 'raw': 'http://localhost/?page_id=911'}, 'modified': '2023-04-21T21:35:34', 'modified_gmt': '2023-04-21T21:35:34', 'password': '', 'slug': 'title-changed', 'status': 'publish', 'type': 'page', 'link': 'http://localhost/title-changed/', 'title': {'raw': 'title changed', 'rendered': 'title changed'}, 'content': {'raw': 'content changed', 'rendered': '&lt;p&gt;content changed&lt;/p&gt;\n', 'protected': False, 'block_version': 0}, 'excerpt': {'raw': '', 'rendered': '&lt;p&gt;content changed&lt;/p&gt;\n', 'protected': False}, 'author': 1, 'featured_media': 0, 'parent': 0, 'menu_order': 0, 'comment_status': 'closed', 'ping_status': 'closed', 'template': '', 'meta': [], 'permalink_template': 'http://localhost/%pagename%/', 'generated_slug': 'title-changed', '_links': {'self': [{'href': 'http://localhost/wp-json/wp/v2/pages/911'}], 'collection': [{'href': 'http://localhost/wp-json/wp/v2/pages'}], 'about': [{'href': 'http://localhost/wp-json/wp/v2/types/page'}], 'author': [{'embeddable': True, 'href': 'http://localhost/wp-json/wp/v2/users/1'}], 'replies': [{'embeddable': True, 'href': 'http://localhost/wp-json/wp/v2/comments?post=911'}], 'version-history': [{'count': 1, 'href': 'http://localhost/wp-json/wp/v2/pages/911/revisions'}], 'predecessor-version': [{'id': 912, 'href': 'http://localhost/wp-json/wp/v2/pages/911/revisions/912'}], 'wp:attachment': [{'href': 'http://localhost/wp-json/wp/v2/media?parent=911'}], 'wp:action-publish': [{'href': 'http://localhost/wp-json/wp/v2/pages/911'}], 'wp:action-unfiltered-html': [{'href': 'http://localhost/wp-json/wp/v2/pages/911'}], 'wp:action-assign-author': [{'href': 'http://localhost/wp-json/wp/v2/pages/911'}], 'curies': [{'name': 'wp', 'href': 'https://api.w.org/{rel}', 'templated': True}]}}</msg>
[...]
<var>${username}</var>
<doc>Returns a random username</doc>
<msg timestamp="20230421 17:35:58.294" level="INFO">${username} = Raul Daniels</msg>
<status status="PASS" starttime="20230421 17:35:58.292" endtime="20230421 17:35:58.294"/>
</kw>
<kw name="Random Email" library="wordpress.src.actions.users.random_elements.RandomElements">
<var>${email}</var>
<doc>Returns a random email</doc>
<msg timestamp="20230421 17:35:58.494" level="INFO">${email} = kevinmoreno@example.com</msg>
<status status="PASS" starttime="20230421 17:35:58.294" endtime="20230421 17:35:58.494"/>
</kw>
<kw name="Set Test Variable" library="BuiltIn">
<arg>${role}</arg>
<doc>Makes a variable available everywhere within the scope of the current test.</doc>
<msg timestamp="20230421 17:35:58.495" level="INFO">${role} = subscriber</msg>
<status status="PASS" starttime="20230421 17:35:58.494" endtime="20230421 17:35:58.495"/>
</kw>
<kw name="Set Test Variable" library="BuiltIn">
<arg>${username}</arg>
<doc>Makes a variable available everywhere within the scope of the current test.</doc>
<msg timestamp="20230421 17:35:58.497" level="INFO">${username} = Raul Daniels</msg>
<status status="PASS" starttime="20230421 17:35:58.496" endtime="20230421 17:35:58.497"/>
</kw>
<kw name="Set Test Variable" library="BuiltIn">
<arg>${email}</arg>
<doc>Makes a variable available everywhere within the scope of the current test.</doc>
<msg timestamp="20230421 17:35:58.498" level="INFO">${email} = kevinmoreno@example.com</msg>
<status status="PASS" starttime="20230421 17:35:58.497" endtime="20230421 17:35:58.498"/>
</kw>
<status status="PASS" starttime="20230421 17:35:58.290" endtime="20230421 17:35:58.498"/>
</kw>
<kw name="Create Dictionary" library="BuiltIn">
<var>${body}</var>
<arg>username=${username}</arg>
<arg>email=${email}</arg>
<arg>roles=${role}</arg>
<arg>password=password</arg>
<doc>Creates and returns a dictionary based on the given ``items``.</doc>
<msg timestamp="20230421 17:35:58.500" level="INFO">${body} = {'username': 'Raul Daniels', 'email': 'kevinmoreno@example.com', 'roles': 'subscriber', 'password': 'password'}</msg>
<status status="PASS" starttime="20230421 17:35:58.499" endtime="20230421 17:35:58.500"/>
</kw>
<kw name="Get Request Response" library="wordpress.src.common_imports.CommonLibraries">
<var>${expected_result}</var>
<arg>post</arg>
<arg>${endpoint}</arg>
<arg>body=${body}</arg>
<arg>exp_status=201</arg>
<doc>Calls to all the methods necessaries for get response to a request in json format</doc>
<msg timestamp="20230421 17:35:58.501" level="INFO">Method: POST</msg>
<msg timestamp="20230421 17:35:58.501" level="INFO">URL: http://localhost/wp-json/wp/v2/users/</msg>
<msg timestamp="20230421 17:35:58.648" level="INFO">Actual response is 201, expect: 201</msg>
<msg timestamp="20230421 17:35:58.649" level="INFO">${expected_result} = {'id': 111, 'username': 'Raul Daniels', 'name': 'Raul Daniels', 'first_name': '', 'last_name': '', 'email': 'kevinmoreno@example.com', 'url': '', 'description': '', 'link': 'http://localhost/author/ra...</msg>
<status status="PASS" starttime="20230421 17:35:58.500" endtime="20230421 17:35:58.649"/>
</kw>
<kw name="Get Dictionary Value" library="wordpress.src.common_imports.CommonLibraries">
<var>${used_id}</var>
<arg>id</arg>
<arg>${expected_result}</arg>
<doc>Gets a value from a dictionary</doc>
<msg timestamp="20230421 17:35:58.650" level="INFO">${used_id} = 111</msg>
<status status="PASS" starttime="20230421 17:35:58.650" endtime="20230421 17:35:58.650"/>
</kw>
<kw name="Get Dictionary Value" library="wordpress.src.common_imports.CommonLibraries">
<var>${used_email}</var>
<arg>email</arg>
<arg>${expected_result}</arg>
<doc>Gets a value from a dictionary</doc>
<msg timestamp="20230421 17:35:58.651" level="INFO">${used_email} = kevinmoreno@example.com</msg>
<status status="PASS" starttime="20230421 17:35:58.651" endtime="20230421 17:35:58.651"/>
</kw>
<kw name="Set Test Variable" library="BuiltIn">
<arg>${used_id}</arg>
<doc>Makes a variable available everywhere within the scope of the current test.</doc>
<msg timestamp="20230421 17:35:58.652" level="INFO">${used_id} = 111</msg>
<status status="PASS" starttime="20230421 17:35:58.651" endtime="20230421 17:35:58.652"/>
</kw>
<kw name="Set Test Variable" library="BuiltIn">
<arg>${used_email}</arg>
<doc>Makes a variable available everywhere within the scope of the current test.</doc>
<msg timestamp="20230421 17:35:58.652" level="INFO">${used_email} = kevinmoreno@example.com</msg>
<status status="PASS" starttime="20230421 17:35:58.652" endtime="20230421 17:35:58.652"/>
</kw>
<status status="PASS" starttime="20230421 17:35:58.289" endtime="20230421 17:35:58.653"/>
</kw>
<kw name="Create Dictionary" library="BuiltIn">
<var>${body}</var>
<arg>email=${used_email}</arg>
<doc>Creates and returns a dictionary based on the given ``items``.</doc>
<msg timestamp="20230421 17:35:58.653" level="INFO">${body} = {'email': 'kevinmoreno@example.com'}</msg>
<status status="PASS" starttime="20230421 17:35:58.653" endtime="20230421 17:35:58.653"/>
</kw>
<kw name="Get Request Response" library="wordpress.src.common_imports.CommonLibraries">
<var>${error_message}</var>
<arg>put</arg>
<arg>${endpoint}</arg>
<arg>body=${body}</arg>
<arg>id=${id_user}</arg>
<arg>exp_status=400</arg>
<doc>Calls to all the methods necessaries for get response to a request in json format</doc>
<msg timestamp="20230421 17:35:58.654" level="INFO">Method: PUT</msg>
<msg timestamp="20230421 17:35:58.654" level="INFO">URL: http://localhost/wp-json/wp/v2/users/110</msg>
<msg timestamp="20230421 17:35:58.706" level="INFO">Actual response is 400, expect: 400</msg>
<msg timestamp="20230421 17:35:58.706" level="INFO">${error_message} = {'code': 'rest_user_invalid_email', 'message': 'Invalid email address.', 'data': {'status': 400}}</msg>
<status status="PASS" starttime="20230421 17:35:58.653" endtime="20230421 17:35:58.706"/>
</kw>
<kw name="Set Test Variable" library="BuiltIn">
<arg>${error_message}</arg>
<doc>Makes a variable available everywhere within the scope of the current test.</doc>
<msg timestamp="20230421 17:35:58.707" level="INFO">${error_message} = {'code': 'rest_user_invalid_email', 'message': 'Invalid email address.', 'data': {'status': 400}}</msg>
<status status="PASS" starttime="20230421 17:35:58.707" endtime="20230421 17:35:58.707"/>
</kw>
<kw name="Delete User By ID" library="delete_users">
<arg>${used_id}</arg>
<kw name="Get User For Reassign" library="get_users">
<kw name="Create Dictionary" library="BuiltIn">
<var>${params}</var>
<arg>orderby=id</arg>
<doc>Creates and returns a dictionary based on the given ``items``.</doc>
<msg timestamp="20230421 17:35:58.709" level="INFO">${params} = {'orderby': 'id'}</msg>
<status status="PASS" starttime="20230421 17:35:58.709" endtime="20230421 17:35:58.709"/>
</kw>
<kw name="Get Request Response" library="wordpress.src.common_imports.CommonLibraries">
<var>${response}</var>
<arg>get</arg>
<arg>${endpoint}</arg>
<arg>params=${params}</arg>
<doc>Calls to all the methods necessaries for get response to a request in json format</doc>
<msg timestamp="20230421 17:35:58.710" level="INFO">Method: GET</msg>
<msg timestamp="20230421 17:35:58.710" level="INFO">URL: http://localhost/wp-json/wp/v2/users/</msg>
<msg timestamp="20230421 17:35:58.761" level="INFO">Actual response is 200, expect: 200</msg>
<msg timestamp="20230421 17:35:58.762" level="INFO">${response} = [{'id': 1, 'name': 'marie212', 'url': 'http://localhost', 'description': '', 'link': 'http://localhost/author/marie212/', 'slug': 'marie212', 'avatar_urls': {'24': 'http://0.gravatar.com/avatar/0a843a...</msg>
<status status="PASS" starttime="20230421 17:35:58.709" endtime="20230421 17:35:58.762"/>
</kw>
<kw name="Get List Element" library="wordpress.src.common_imports.CommonLibraries">
<var>${first_user}</var>
<arg>0</arg>
<arg>${response}</arg>
<doc>Gets an element from a list</doc>
<msg timestamp="20230421 17:35:58.763" level="INFO">${first_user} = {'id': 1, 'name': 'marie212', 'url': 'http://localhost', 'description': '', 'link': 'http://localhost/author/marie212/', 'slug': 'marie212', 'avatar_urls': {'24': 'http://0.gravatar.com/avatar/0a843ad...</msg>
<status status="PASS" starttime="20230421 17:35:58.763" endtime="20230421 17:35:58.763"/>
</kw>
<kw name="Get Dictionary Value" library="wordpress.src.common_imports.CommonLibraries">
<var>${id_reassign}</var>
<arg>id</arg>
<arg>${first_user}</arg>
<doc>Gets a value from a dictionary</doc>
<msg timestamp="20230421 17:35:58.764" level="INFO">${id_reassign} = 1</msg>
<status status="PASS" starttime="20230421 17:35:58.764" endtime="20230421 17:35:58.764"/>
</kw>
<kw name="Set Suite Variable" library="BuiltIn">
<arg>${id_reassign}</arg>
<doc>Makes a variable available everywhere within the scope of the current suite.</doc>
<msg timestamp="20230421 17:35:58.765" level="INFO">${id_reassign} = 1</msg>
<status status="PASS" starttime="20230421 17:35:58.764" endtime="20230421 17:35:58.765"/>
</kw>
<status status="PASS" starttime="20230421 17:35:58.708" endtime="20230421 17:35:58.765"/>
</kw>
<kw name="Create Dictionary" library="BuiltIn">
<var>${params}</var>
<arg>reassign=${id_reassign}</arg>
<arg>force=true</arg>
<doc>Creates and returns a dictionary based on the given ``items``.</doc>
<msg timestamp="20230421 17:35:58.765" level="INFO">${params} = {'reassign': 1, 'force': 'true'}</msg>
<status status="PASS" starttime="20230421 17:35:58.765" endtime="20230421 17:35:58.765"/>
</kw>
<kw name="Get Request Response" library="wordpress.src.common_imports.CommonLibraries">
<var>${response}</var>
<arg>delete</arg>
<arg>${endpoint}</arg>
<arg>params=${params}</arg>
<arg>id=${id_user}</arg>
<doc>Calls to all the methods necessaries for get response to a request in json format</doc>
<msg timestamp="20230421 17:35:58.766" level="INFO">Method: DELETE</msg>
<msg timestamp="20230421 17:35:58.766" level="INFO">URL: http://localhost/wp-json/wp/v2/users/111</msg>
<msg timestamp="20230421 17:35:58.868" level="INFO">Actual response is 200, expect: 200</msg>
<msg timestamp="20230421 17:35:58.868" level="INFO">${response} = {'deleted': True, 'previous': {'id': 111, 'username': 'Raul Daniels', 'name': 'Raul Daniels', 'first_name': '', 'last_name': '', 'email': 'kevinmoreno@example.com', 'url': '', 'description': '', 'link...</msg>
<status status="PASS" starttime="20230421 17:35:58.766" endtime="20230421 17:35:58.869"/>
</kw>
<kw name="Set Test Variable" library="BuiltIn">
<arg>${response}</arg>
<doc>Makes a variable available everywhere within the scope of the current test.</doc>
<msg timestamp="20230421 17:35:58.871" level="INFO">${response} = {'deleted': True, 'previous': {'id': 111, 'username': 'Raul Daniels', 'name': 'Raul Daniels', 'first_name': '', 'last_name': '', 'email': 'kevinmoreno@example.com', 'url': '', 'description': '', 'link...</msg>
<status status="PASS" starttime="20230421 17:35:58.870" endtime="20230421 17:35:58.871"/>
</kw>
<status status="PASS" starttime="20230421 17:35:58.708" endtime="20230421 17:35:58.871"/>
</kw>
<status status="PASS" starttime="20230421 17:35:58.288" endtime="20230421 17:35:58.871"/>
</kw>
<kw name="Verify Response Message">
<arg>${invalid_email}</arg>
<kw name="Verify Actual Equal Expected" library="wordpress.src.verifications.users.users_verifications.UsersVerification">
<arg>${error_message}</arg>
<arg>${expected_result}</arg>
<doc>Verify that expected and actual results are equal</doc>
<msg timestamp="20230421 17:35:58.874" level="INFO">Actual result: {'code': 'rest_user_invalid_email', 'message': 'Invalid email address.', 'data': {'status': 400}}</msg>
<msg timestamp="20230421 17:35:58.874" level="INFO">Expected result: {'code': 'rest_user_invalid_email', 'message': 'Invalid email address.', 'data': {'status': 400}}</msg>
<status status="PASS" starttime="20230421 17:35:58.873" endtime="20230421 17:35:58.874"/>
</kw>
<status status="PASS" starttime="20230421 17:35:58.872" endtime="20230421 17:35:58.874"/>
</kw>
<kw name="Delete New User Created" library="delete_users" type="TEARDOWN">
<kw name="Get User For Reassign" library="get_users">
<kw name="Create Dictionary" library="BuiltIn">
<var>${params}</var>
<arg>orderby=id</arg>
<doc>Creates and returns a dictionary based on the given ``items``.</doc>
<msg timestamp="20230421 17:35:58.877" level="INFO">${params} = {'orderby': 'id'}</msg>
<status status="PASS" starttime="20230421 17:35:58.876" endtime="20230421 17:35:58.877"/>
</kw>
<kw name="Get Request Response" library="wordpress.src.common_imports.CommonLibraries">
<var>${response}</var>
<arg>get</arg>
<arg>${endpoint}</arg>
<arg>params=${params}</arg>
<doc>Calls to all the methods necessaries for get response to a request in json format</doc>
<msg timestamp="20230421 17:35:58.878" level="INFO">Method: GET</msg>
<msg timestamp="20230421 17:35:58.878" level="INFO">URL: http://localhost/wp-json/wp/v2/users/</msg>
<msg timestamp="20230421 17:35:58.943" level="INFO">Actual response is 200, expect: 200</msg>
<msg timestamp="20230421 17:35:58.944" level="INFO">${response} = [{'id': 1, 'name': 'marie212', 'url': 'http://localhost', 'description': '', 'link': 'http://localhost/author/marie212/', 'slug': 'marie212', 'avatar_urls': {'24': 'http://0.gravatar.com/avatar/0a843a...</msg>
<status status="PASS" starttime="20230421 17:35:58.877" endtime="20230421 17:35:58.944"/>
</kw>
<kw name="Get List Element" library="wordpress.src.common_imports.CommonLibraries">
<var>${first_user}</var>
<arg>0</arg>
<arg>${response}</arg>
<doc>Gets an element from a list</doc>
<msg timestamp="20230421 17:35:58.945" level="INFO">${first_user} = {'id': 1, 'name': 'marie212', 'url': 'http://localhost', 'description': '', 'link': 'http://localhost/author/marie212/', 'slug': 'marie212', 'avatar_urls': {'24': 'http://0.gravatar.com/avatar/0a843ad...</msg>
<status status="PASS" starttime="20230421 17:35:58.944" endtime="20230421 17:35:58.945"/>
</kw>
<kw name="Get Dictionary Value" library="wordpress.src.common_imports.CommonLibraries">
<var>${id_reassign}</var>
<arg>id</arg>
<arg>${first_user}</arg>
<doc>Gets a value from a dictionary</doc>
<msg timestamp="20230421 17:35:58.945" level="INFO">${id_reassign} = 1</msg>
<status status="PASS" starttime="20230421 17:35:58.945" endtime="20230421 17:35:58.945"/>
</kw>
<kw name="Set Suite Variable" library="BuiltIn">
<arg>${id_reassign}</arg>
<doc>Makes a variable available everywhere within the scope of the current suite.</doc>
<msg timestamp="20230421 17:35:58.946" level="INFO">${id_reassign} = 1</msg>
<status status="PASS" starttime="20230421 17:35:58.945" endtime="20230421 17:35:58.946"/>
</kw>
<status status="PASS" starttime="20230421 17:35:58.875" endtime="20230421 17:35:58.946"/>
</kw>
<kw name="Create Dictionary" library="BuiltIn">
<var>${params}</var>
<arg>reassign=${id_reassign}</arg>
<arg>force=true</arg>
<doc>Creates and returns a dictionary based on the given ``items``.</doc>
<msg timestamp="20230421 17:35:58.947" level="INFO">${params} = {'reassign': 1, 'force': 'true'}</msg>
<status status="PASS" starttime="20230421 17:35:58.946" endtime="20230421 17:35:58.947"/>
</kw>
<kw name="Get Request Response" library="wordpress.src.common_imports.CommonLibraries">
<var>${response}</var>
<arg>delete</arg>
<arg>${endpoint}</arg>
<arg>params=${params}</arg>
<arg>id=${id_user}</arg>
<doc>Calls to all the methods necessaries for get response to a request in json format</doc>
<msg timestamp="20230421 17:35:58.947" level="INFO">Method: DELETE</msg>
<msg timestamp="20230421 17:35:58.948" level="INFO">URL: http://localhost/wp-json/wp/v2/users/110</msg>
<msg timestamp="20230421 17:35:59.048" level="INFO">Actual response is 200, expect: 200</msg>
<msg timestamp="20230421 17:35:59.049" level="INFO">${response} = {'deleted': True, 'previous': {'id': 110, 'username': 'Melvin Watson', 'name': 'Melvin Watson', 'first_name': '', 'last_name': '', 'email': 'brendacarter@example.org', 'url': '', 'description': '', 'l...</msg>
<status status="PASS" starttime="20230421 17:35:58.947" endtime="20230421 17:35:59.049"/>
</kw>
<kw name="Set Test Variable" library="BuiltIn">
<arg>${response}</arg>
<doc>Makes a variable available everywhere within the scope of the current test.</doc>
<msg timestamp="20230421 17:35:59.050" level="INFO">${response} = {'deleted': True, 'previous': {'id': 110, 'username': 'Melvin Watson', 'name': 'Melvin Watson', 'first_name': '', 'last_name': '', 'email': 'brendacarter@example.org', 'url': '', 'description': '', 'l...</msg>
<status status="PASS" starttime="20230421 17:35:59.049" endtime="20230421 17:35:59.050"/>
</kw>
<status status="PASS" starttime="20230421 17:35:58.875" endtime="20230421 17:35:59.050"/>
</kw>
<status status="PASS" starttime="20230421 17:35:57.868" endtime="20230421 17:35:59.051"/>
</test>
<doc>Tests to verify scenarios that creates more than one user
whit data repeted.</doc>
<status status="PASS" starttime="20230421 17:35:56.415" endtime="20230421 17:35:59.053"/>
</suite>
<status status="PASS" starttime="20230421 17:35:55.389" endtime="20230421 17:35:59.057"/>
</suite>
<status status="PASS" starttime="20230421 17:35:41.553" endtime="20230421 17:35:59.061"/>
</suite>
<status status="PASS" starttime="20230421 17:35:31.464" endtime="20230421 17:35:59.069"/>
</suite>
<statistics>
<total>
<stat pass="41" fail="0" skip="0">All Tests</stat>
</total>
<tag>
</tag>
<suite>
<stat pass="41" fail="0" skip="0" id="s1" name="Tests">Tests</stat>
<stat pass="19" fail="0" skip="0" id="s1-s1" name="Crud">Tests.Crud</stat>
<stat pass="2" fail="0" skip="0" id="s1-s1-s1" name="Categories">Tests.Crud.Categories</stat>
<stat pass="2" fail="0" skip="0" id="s1-s1-s1-s1" name="Test Crud Categories">Tests.Crud.Categories.Test Crud Categories</stat>
<stat pass="1" fail="0" skip="0" id="s1-s1-s2" name="Comments">Tests.Crud.Comments</stat>
<stat pass="1" fail="0" skip="0" id="s1-s1-s2-s1" name="Crud Comment">Tests.Crud.Comments.Crud Comment</stat>
<stat pass="4" fail="0" skip="0" id="s1-s1-s3" name="Pages">Tests.Crud.Pages</stat>
<stat pass="4" fail="0" skip="0" id="s1-s1-s3-s1" name="Pages Crud">Tests.Crud.Pages.Pages Crud</stat>
<stat pass="1" fail="0" skip="0" id="s1-s1-s4" name="Posts">Tests.Crud.Posts</stat>
<stat pass="1" fail="0" skip="0" id="s1-s1-s4-s1" name="Crud Post Endpoint">Tests.Crud.Posts.Crud Post Endpoint</stat>
<stat pass="11" fail="0" skip="0" id="s1-s1-s5" name="Users">Tests.Crud.Users</stat>
<stat pass="5" fail="0" skip="0" id="s1-s1-s5-s1" name="Create Users With Differents Roles">Tests.Crud.Users.Create Users With Differents Roles</stat>
<stat pass="1" fail="0" skip="0" id="s1-s1-s5-s2" name="Delete User">Tests.Crud.Users.Delete User</stat>
<stat pass="4" fail="0" skip="0" id="s1-s1-s5-s3" name="Invalid Request">Tests.Crud.Users.Invalid Request</stat>
<stat pass="1" fail="0" skip="0" id="s1-s1-s5-s4" name="Modify User">Tests.Crud.Users.Modify User</stat>
<stat pass="22" fail="0" skip="0" id="s1-s2" name="E2E">Tests.E2E</stat>
<stat pass="3" fail="0" skip="0" id="s1-s2-s1" name="Comments">Tests.E2E.Comments</stat>
<stat pass="3" fail="0" skip="0" id="s1-s2-s1-s1" name="Filters">Tests.E2E.Comments.Filters</stat>
<stat pass="2" fail="0" skip="0" id="s1-s2-s2" name="Pages">Tests.E2E.Pages</stat>
<stat pass="2" fail="0" skip="0" id="s1-s2-s2-s1" name="Change Draft To Publish">Tests.E2E.Pages.Change Draft To Publish</stat>
<stat pass="12" fail="0" skip="0" id="s1-s2-s3" name="Posts">Tests.E2E.Posts</stat>
<stat pass="12" fail="0" skip="0" id="s1-s2-s3-s1" name="E2E Post Endpoint">Tests.E2E.Posts.E2E Post Endpoint</stat>
<stat pass="5" fail="0" skip="0" id="s1-s2-s4" name="Users">Tests.E2E.Users</stat>
<stat pass="2" fail="0" skip="0" id="s1-s2-s4-s1" name="Create Users">Tests.E2E.Users.Create Users</stat>
<stat pass="3" fail="0" skip="0" id="s1-s2-s4-s2" name="Modify Users Data">Tests.E2E.Users.Modify Users Data</stat>
</suite>
</statistics>
<errors>
</errors>
</robot>
